2024-03-22 08:44:32,221 [INFO] Activator:176 - 


2024-03-22 08:44:32,225 [INFO] Activator:177 - !SESSION log4j initialized
2024-03-22 08:44:37,575 [INFO] LogOutputStream:77 - [STDOUT_REDIRECT] 
2024-03-22 08:44:39,371 [INFO] ApplicationProperties:184 - Using Application install path: C:\ST\STM32CubeIDE_1.14.0\STM32CubeIDE\plugins\com.st.stm32cube.common.mx_6.11.0.202403141607
2024-03-22 08:44:39,395 [INFO] DbMcusXml:78 - Set database path to: C:\ST\STM32CubeIDE_1.14.0\STM32CubeIDE\plugins\com.st.stm32cube.common.mx_6.11.0.202403141607\\db\/mcu/
2024-03-22 08:44:39,395 [INFO] ApiDb:274 - Set plugin database path to: C:\ST\STM32CubeIDE_1.14.0\STM32CubeIDE\plugins\com.st.stm32cube.common.mx_6.11.0.202403141607\\db\/plugins/boardmanager/
2024-03-22 08:44:39,396 [WARN] ApiDb:259 - Overriding images path with different value:  => C:\ST\STM32CubeIDE_1.14.0\STM32CubeIDE\plugins\com.st.stm32cube.common.mx_6.11.0.202403141607\\db\/plugins/mcufinder/images/
2024-03-22 08:44:39,402 [INFO] ApiDb:250 - Set database path to: C:\Users\phamt\.stmcufinder\plugins\mcufinder//mcu/
2024-03-22 08:44:39,404 [INFO] DbMcusAds:125 - Set database path to: C:\Users\phamt\.stmcufinder\plugins\mcufinder//mcu/
2024-03-22 08:44:39,407 [INFO] CrossReferenceDbSqlite:203 - Set database path to: C:\Users\phamt\.stmcufinder\plugins\mcufinder//mcu/cs/
2024-03-22 08:44:39,590 [INFO] RulesReader:64 - Compatibility file has been processed (297 Rules)
2024-03-22 08:44:39,682 [INFO] DbMcusXml:78 - Set database path to: C:\ST\STM32CubeIDE_1.14.0\STM32CubeIDE\plugins\com.st.stm32cube.common.mx_6.11.0.202403141607\\db\/mcu/
2024-03-22 08:44:39,682 [INFO] ApiDb:274 - Set plugin database path to: C:\ST\STM32CubeIDE_1.14.0\STM32CubeIDE\plugins\com.st.stm32cube.common.mx_6.11.0.202403141607\\db\/plugins/boardmanager/
2024-03-22 08:44:39,683 [INFO] ApiDb:261 - Set plugin images path to: C:\ST\STM32CubeIDE_1.14.0\STM32CubeIDE\plugins\com.st.stm32cube.common.mx_6.11.0.202403141607\\db\/plugins/mcufinder/images/
2024-03-22 08:44:39,683 [WARN] DbFile:41 - Overriding database path with different value: C:\Users\phamt\.stmcufinder\plugins\mcufinder/ => C:\Users\phamt\.stmcufinder\plugins\mcufinder
2024-03-22 08:44:39,683 [INFO] ApiDb:250 - Set database path to: C:\Users\phamt\.stmcufinder\plugins\mcufinder//mcu/
2024-03-22 08:44:39,683 [WARN] DbFile:41 - Overriding database path with different value: C:\Users\phamt\.stmcufinder\plugins\mcufinder/ => C:\Users\phamt\.stmcufinder\plugins\mcufinder
2024-03-22 08:44:39,683 [INFO] DbMcusAds:125 - Set database path to: C:\Users\phamt\.stmcufinder\plugins\mcufinder//mcu/
2024-03-22 08:44:39,683 [WARN] DbFile:41 - Overriding database path with different value: C:\Users\phamt\.stmcufinder\plugins\mcufinder/ => C:\Users\phamt\.stmcufinder\plugins\mcufinder
2024-03-22 08:44:39,683 [WARN] DbFile:41 - Overriding database path with different value: C:\Users\phamt\.stmcufinder\plugins\mcufinder/ => C:\Users\phamt\.stmcufinder\plugins\mcufinder
2024-03-22 08:44:39,683 [INFO] CrossReferenceDbSqlite:203 - Set database path to: C:\Users\phamt\.stmcufinder\plugins\mcufinder//mcu/cs/
2024-03-22 08:44:39,746 [INFO] MainPanel:264 - HeapMemory: 268435456
2024-03-22 08:44:39,836 [INFO] DbMcusXml:78 - Set database path to: C:\ST\STM32CubeIDE_1.14.0\STM32CubeIDE\plugins\com.st.stm32cube.common.mx_6.11.0.202403141607\\db\/mcu/
2024-03-22 08:44:39,836 [INFO] ApiDb:274 - Set plugin database path to: C:\ST\STM32CubeIDE_1.14.0\STM32CubeIDE\plugins\com.st.stm32cube.common.mx_6.11.0.202403141607\\db\/plugins/boardmanager/
2024-03-22 08:44:39,836 [INFO] ApiDb:261 - Set plugin images path to: C:\ST\STM32CubeIDE_1.14.0\STM32CubeIDE\plugins\com.st.stm32cube.common.mx_6.11.0.202403141607\\db\/plugins/mcufinder/images/
2024-03-22 08:44:39,837 [WARN] DbFile:41 - Overriding database path with different value: C:\Users\phamt\.stmcufinder\plugins\mcufinder/ => C:\Users\phamt\.stmcufinder\plugins\mcufinder
2024-03-22 08:44:39,837 [INFO] ApiDb:250 - Set database path to: C:\Users\phamt\.stmcufinder\plugins\mcufinder//mcu/
2024-03-22 08:44:39,837 [WARN] DbFile:41 - Overriding database path with different value: C:\Users\phamt\.stmcufinder\plugins\mcufinder/ => C:\Users\phamt\.stmcufinder\plugins\mcufinder
2024-03-22 08:44:39,837 [INFO] DbMcusAds:125 - Set database path to: C:\Users\phamt\.stmcufinder\plugins\mcufinder//mcu/
2024-03-22 08:44:39,837 [WARN] DbFile:41 - Overriding database path with different value: C:\Users\phamt\.stmcufinder\plugins\mcufinder/ => C:\Users\phamt\.stmcufinder\plugins\mcufinder
2024-03-22 08:44:39,838 [WARN] DbFile:41 - Overriding database path with different value: C:\Users\phamt\.stmcufinder\plugins\mcufinder/ => C:\Users\phamt\.stmcufinder\plugins\mcufinder
2024-03-22 08:44:39,838 [INFO] CrossReferenceDbSqlite:203 - Set database path to: C:\Users\phamt\.stmcufinder\plugins\mcufinder//mcu/cs/
2024-03-22 08:44:39,865 [INFO] ApplicationProperties:184 - Using Application install path: C:\ST\STM32CubeIDE_1.14.0\STM32CubeIDE\plugins\com.st.stm32cube.common.mx_6.11.0.202403141607
2024-03-22 08:44:39,867 [INFO] PluginManage:196 - Search for loadable plugins [exclusion list=, ]
2024-03-22 08:44:39,869 [INFO] PluginManage:310 - Check plugin analytics
2024-03-22 08:44:40,084 [INFO] AnalyticsPlugin:253 - Accepted Software Licenses: STM32CubeMX.6.9.0
2024-03-22 08:44:40,085 [INFO] AnalyticsPlugin:255 - Accepted CMSIS Pack Licenses: 
2024-03-22 08:44:40,085 [INFO] AnalyticsPlugin:257 - Accepted Firmware Licenses: FW.F4.1.27.0
2024-03-22 08:44:40,087 [INFO] PluginManage:359 - Loaded plugin analytics (category:tool,tabindex:-1)
2024-03-22 08:44:40,088 [INFO] PluginManage:310 - Check plugin cadmodel
2024-03-22 08:44:40,093 [INFO] CADModel:105 - Init CAD model plugin
2024-03-22 08:44:40,093 [INFO] PluginManage:359 - Loaded plugin cadmodel (category:power,tabindex:5)
2024-03-22 08:44:40,094 [INFO] PluginManage:310 - Check plugin clock
2024-03-22 08:44:40,103 [INFO] PluginManage:359 - Loaded plugin clock (category:base,tabindex:2)
2024-03-22 08:44:40,103 [INFO] PluginManage:310 - Check plugin ddr
2024-03-22 08:44:40,105 [INFO] PluginManage:359 - Loaded plugin ddr (category:tool,tabindex:6)
2024-03-22 08:44:40,106 [INFO] PluginManage:310 - Check plugin filemanager
2024-03-22 08:44:40,253 [INFO] PluginManage:359 - Loaded plugin filemanager (category:base,tabindex:10)
2024-03-22 08:44:40,253 [INFO] PluginManage:310 - Check plugin ipmanager
2024-03-22 08:44:40,265 [INFO] PluginManage:359 - Loaded plugin ipmanager (category:base,tabindex:5)
2024-03-22 08:44:40,266 [INFO] PluginManage:310 - Check plugin lpbam
2024-03-22 08:44:40,279 [INFO] PluginManage:359 - Loaded plugin lpbam (category:base,tabindex:0)
2024-03-22 08:44:40,280 [INFO] PluginManage:310 - Check plugin memorymap
2024-03-22 08:44:40,294 [INFO] PluginManage:359 - Loaded plugin memorymap (category:base,tabindex:4)
2024-03-22 08:44:40,294 [INFO] PluginManage:310 - Check plugin pinoutandconfiguration
2024-03-22 08:44:40,302 [INFO] PluginManage:359 - Loaded plugin pinoutandconfiguration (category:base,tabindex:1)
2024-03-22 08:44:40,302 [INFO] PluginManage:310 - Check plugin pinoutconfig
2024-03-22 08:44:40,414 [WARN] SupportedApi:132 - Cannot load RTOS API schema: s4s-elt-must-match.1: The content of 'definitions' must match (annotation?, (simpleType | complexType)?, (unique | key | keyref)*)). A problem was found starting at: attribute.
2024-03-22 08:44:40,633 [INFO] PluginManage:359 - Loaded plugin pinoutconfig (category:base,tabindex:0)
2024-03-22 08:44:40,634 [INFO] PluginManage:310 - Check plugin power
2024-03-22 08:44:40,646 [INFO] PluginManage:359 - Loaded plugin power (category:power,tabindex:4)
2024-03-22 08:44:40,647 [INFO] PluginManage:310 - Check plugin projectmanager
2024-03-22 08:44:40,665 [INFO] PluginManage:359 - Loaded plugin projectmanager (category:projectmanager,tabindex:3)
2024-03-22 08:44:40,665 [INFO] PluginManage:310 - Check plugin thirdparty
2024-03-22 08:44:40,820 [INFO] PluginManage:359 - Loaded plugin thirdparty (category:base,tabindex:-1)
2024-03-22 08:44:40,820 [WARN] IntegrityCheckThread:84 - waiting for thirdparty lock release [integrity check]
2024-03-22 08:44:40,820 [INFO] PluginManage:310 - Check plugin tools
2024-03-22 08:44:40,820 [INFO] IntegrityCheckThread:86 - entering critical section [integrity check]
2024-03-22 08:44:40,821 [INFO] ThirdPartyUpdaterWithRetryManager:70 - Updater plugin not ready yet. [1/15]
2024-03-22 08:44:40,822 [INFO] PluginManage:359 - Loaded plugin tools (category:base,tabindex:7)
2024-03-22 08:44:40,822 [INFO] PluginManage:310 - Check plugin tutovideos
2024-03-22 08:44:41,011 [INFO] PluginManage:359 - Loaded plugin tutovideos (category:base,tabindex:-1)
2024-03-22 08:44:41,011 [INFO] PluginManage:310 - Check plugin updater
2024-03-22 08:44:41,026 [INFO] PluginManage:359 - Loaded plugin updater (category:base,tabindex:12)
2024-03-22 08:44:41,026 [INFO] PluginManage:310 - Check plugin userauth
2024-03-22 08:44:41,036 [INFO] UserAuth:114 - Init User Auth plugin
2024-03-22 08:44:41,036 [INFO] PluginManage:359 - Loaded plugin userauth (category:base,tabindex:14)
2024-03-22 08:44:41,037 [INFO] PluginManage:283 - PluginManage : Loaded plugins [17]
2024-03-22 08:44:41,318 [INFO] PinOutPanel:1561 - setPackage(No Configuration,No Configuration)
2024-03-22 08:44:41,387 [INFO] CADModel:165 - CPN selected for project level
2024-03-22 08:44:41,387 [INFO] CADModel:114 - Register for checkConnection events
2024-03-22 08:44:41,404 [INFO] IPUIPlugin:80 - create IPUIPlugin
2024-03-22 08:44:41,404 [INFO] PluginManager:220 - loadIPPluginJar : add adc
2024-03-22 08:44:41,407 [INFO] IPUIPlugin:80 - create IPUIPlugin
2024-03-22 08:44:41,407 [INFO] PluginManager:220 - loadIPPluginJar : add aes
2024-03-22 08:44:41,411 [INFO] IPUIPlugin:80 - create IPUIPlugin
2024-03-22 08:44:41,411 [INFO] PluginManager:220 - loadIPPluginJar : add can
2024-03-22 08:44:41,414 [INFO] IPUIPlugin:80 - create IPUIPlugin
2024-03-22 08:44:41,414 [INFO] PluginManager:220 - loadIPPluginJar : add comp
2024-03-22 08:44:41,417 [INFO] IPUIPlugin:80 - create IPUIPlugin
2024-03-22 08:44:41,418 [INFO] PluginManager:220 - loadIPPluginJar : add cryp
2024-03-22 08:44:41,421 [INFO] IPUIPlugin:80 - create IPUIPlugin
2024-03-22 08:44:41,421 [INFO] PluginManager:220 - loadIPPluginJar : add dfsdm
2024-03-22 08:44:41,430 [INFO] IPUIPlugin:80 - create IPUIPlugin
2024-03-22 08:44:41,431 [INFO] PluginManager:220 - loadIPPluginJar : add dma
2024-03-22 08:44:41,435 [INFO] IPUIPlugin:80 - create IPUIPlugin
2024-03-22 08:44:41,435 [INFO] PluginManager:220 - loadIPPluginJar : add dma3
2024-03-22 08:44:41,438 [INFO] IPUIPlugin:80 - create IPUIPlugin
2024-03-22 08:44:41,439 [INFO] PluginManager:220 - loadIPPluginJar : add extmemmanager
2024-03-22 08:44:41,440 [INFO] IPUIPlugin:80 - create IPUIPlugin
2024-03-22 08:44:41,441 [INFO] PluginManager:220 - loadIPPluginJar : add fatfs
2024-03-22 08:44:41,448 [INFO] IPUIPlugin:80 - create IPUIPlugin
2024-03-22 08:44:41,448 [INFO] PluginManager:220 - loadIPPluginJar : add fmc
2024-03-22 08:44:41,456 [INFO] IPUIPlugin:80 - create IPUIPlugin
2024-03-22 08:44:41,456 [INFO] PluginManager:220 - loadIPPluginJar : add freertos
2024-03-22 08:44:41,458 [INFO] IPUIPlugin:80 - create IPUIPlugin
2024-03-22 08:44:41,459 [INFO] PluginManager:220 - loadIPPluginJar : add genericplugin
2024-03-22 08:44:41,463 [INFO] IPUIPlugin:80 - create IPUIPlugin
2024-03-22 08:44:41,463 [INFO] PluginManager:220 - loadIPPluginJar : add gfxmmu
2024-03-22 08:44:41,470 [INFO] IPUIPlugin:80 - create IPUIPlugin
2024-03-22 08:44:41,471 [INFO] PluginManager:220 - loadIPPluginJar : add gic
2024-03-22 08:44:41,478 [INFO] IPUIPlugin:80 - create IPUIPlugin
2024-03-22 08:44:41,478 [INFO] PluginManager:220 - loadIPPluginJar : add gpio
2024-03-22 08:44:41,482 [INFO] IPUIPlugin:80 - create IPUIPlugin
2024-03-22 08:44:41,482 [INFO] PluginManager:220 - loadIPPluginJar : add gtzc
2024-03-22 08:44:41,485 [INFO] IPUIPlugin:80 - create IPUIPlugin
2024-03-22 08:44:41,485 [INFO] PluginManager:220 - loadIPPluginJar : add hash
2024-03-22 08:44:41,489 [INFO] IPUIPlugin:80 - create IPUIPlugin
2024-03-22 08:44:41,489 [INFO] PluginManager:220 - loadIPPluginJar : add i2c
2024-03-22 08:44:41,492 [INFO] IPUIPlugin:80 - create IPUIPlugin
2024-03-22 08:44:41,493 [INFO] PluginManager:220 - loadIPPluginJar : add i2s
2024-03-22 08:44:41,497 [INFO] IPUIPlugin:80 - create IPUIPlugin
2024-03-22 08:44:41,497 [INFO] PluginManager:220 - loadIPPluginJar : add i3c
2024-03-22 08:44:41,500 [INFO] IPUIPlugin:80 - create IPUIPlugin
2024-03-22 08:44:41,500 [INFO] PluginManager:220 - loadIPPluginJar : add ipddr
2024-03-22 08:44:41,506 [INFO] IPUIPlugin:80 - create IPUIPlugin
2024-03-22 08:44:41,506 [INFO] PluginManager:220 - loadIPPluginJar : add linkedlist
2024-03-22 08:44:41,508 [INFO] IPUIPlugin:80 - create IPUIPlugin
2024-03-22 08:44:41,509 [INFO] PluginManager:220 - loadIPPluginJar : add lorawan
2024-03-22 08:44:41,510 [INFO] IPUIPlugin:80 - create IPUIPlugin
2024-03-22 08:44:41,510 [INFO] PluginManager:220 - loadIPPluginJar : add ltdc
2024-03-22 08:44:41,515 [INFO] IPUIPlugin:80 - create IPUIPlugin
2024-03-22 08:44:41,516 [INFO] PluginManager:220 - loadIPPluginJar : add mdma
2024-03-22 08:44:41,519 [INFO] IPUIPlugin:80 - create IPUIPlugin
2024-03-22 08:44:41,519 [INFO] PluginManager:220 - loadIPPluginJar : add nvic
2024-03-22 08:44:41,522 [INFO] IPUIPlugin:80 - create IPUIPlugin
2024-03-22 08:44:41,522 [INFO] PluginManager:220 - loadIPPluginJar : add opamp
2024-03-22 08:44:41,525 [INFO] IPUIPlugin:80 - create IPUIPlugin
2024-03-22 08:44:41,525 [INFO] PluginManager:220 - loadIPPluginJar : add openamp
2024-03-22 08:44:41,528 [INFO] IPUIPlugin:80 - create IPUIPlugin
2024-03-22 08:44:41,529 [INFO] PluginManager:220 - loadIPPluginJar : add pdm2pcm
2024-03-22 08:44:41,537 [INFO] IPUIPlugin:80 - create IPUIPlugin
2024-03-22 08:44:41,539 [INFO] PluginManager:220 - loadIPPluginJar : add plateformsettings
2024-03-22 08:44:41,541 [INFO] IPUIPlugin:80 - create IPUIPlugin
2024-03-22 08:44:41,541 [INFO] PluginManager:220 - loadIPPluginJar : add quadspi
2024-03-22 08:44:41,544 [INFO] IPUIPlugin:80 - create IPUIPlugin
2024-03-22 08:44:41,545 [INFO] PluginManager:220 - loadIPPluginJar : add resmgrutility
2024-03-22 08:44:41,547 [INFO] IPUIPlugin:80 - create IPUIPlugin
2024-03-22 08:44:41,547 [INFO] PluginManager:220 - loadIPPluginJar : add sai
2024-03-22 08:44:41,549 [INFO] IPUIPlugin:80 - create IPUIPlugin
2024-03-22 08:44:41,549 [INFO] PluginManager:220 - loadIPPluginJar : add spi
2024-03-22 08:44:41,556 [INFO] IPUIPlugin:80 - create IPUIPlugin
2024-03-22 08:44:41,557 [INFO] PluginManager:220 - loadIPPluginJar : add stm32_wpan
2024-03-22 08:44:41,560 [INFO] IPUIPlugin:80 - create IPUIPlugin
2024-03-22 08:44:41,560 [INFO] PluginManager:220 - loadIPPluginJar : add tim
2024-03-22 08:44:41,564 [INFO] IPUIPlugin:80 - create IPUIPlugin
2024-03-22 08:44:41,565 [INFO] PluginManager:220 - loadIPPluginJar : add touchsensing
2024-03-22 08:44:41,567 [INFO] IPUIPlugin:80 - create IPUIPlugin
2024-03-22 08:44:41,567 [INFO] PluginManager:220 - loadIPPluginJar : add tracer_emb
2024-03-22 08:44:41,569 [INFO] IPUIPlugin:80 - create IPUIPlugin
2024-03-22 08:44:41,569 [INFO] PluginManager:220 - loadIPPluginJar : add ts
2024-03-22 08:44:41,571 [INFO] IPUIPlugin:80 - create IPUIPlugin
2024-03-22 08:44:41,571 [INFO] PluginManager:220 - loadIPPluginJar : add tsc
2024-03-22 08:44:41,573 [INFO] IPUIPlugin:80 - create IPUIPlugin
2024-03-22 08:44:41,573 [INFO] PluginManager:220 - loadIPPluginJar : add ucpd
2024-03-22 08:44:41,578 [INFO] IPUIPlugin:80 - create IPUIPlugin
2024-03-22 08:44:41,578 [INFO] PluginManager:220 - loadIPPluginJar : add usart
2024-03-22 08:44:41,581 [INFO] IPUIPlugin:80 - create IPUIPlugin
2024-03-22 08:44:41,581 [INFO] PluginManager:220 - loadIPPluginJar : add usbx
2024-03-22 08:44:41,722 [INFO] CADModel:165 - CPN selected for project level
2024-03-22 08:44:41,722 [INFO] CADModel:114 - Register for checkConnection events
2024-03-22 08:44:41,722 [FATAL] Updater:308 - Updater called before beeing initialized
2024-03-22 08:44:41,722 [ERROR] CADModel:125 - Updater not yet initialized, retry later 
2024-03-22 08:44:41,916 [INFO] CADModel:165 - CPN selected for project level
2024-03-22 08:44:41,916 [INFO] CADModel:114 - Register for checkConnection events
2024-03-22 08:44:41,917 [FATAL] Updater:308 - Updater called before beeing initialized
2024-03-22 08:44:41,917 [ERROR] CADModel:125 - Updater not yet initialized, retry later 
2024-03-22 08:44:41,923 [FATAL] Updater:308 - Updater called before beeing initialized
2024-03-22 08:44:42,089 [FATAL] Updater:308 - Updater called before beeing initialized
2024-03-22 08:44:42,095 [INFO] DbMcusAds:53 - JSON generation date=Wed Nov 29 17:52:27 ICT 2023 (1701255147349)
2024-03-22 08:44:42,095 [FATAL] Updater:308 - Updater called before beeing initialized
2024-03-22 08:44:42,136 [WARN] DetailPanel:346 - Failed to get advertising image, set to default
2024-03-22 08:44:42,251 [FATAL] Updater:308 - Updater called before beeing initialized
2024-03-22 08:44:42,254 [FATAL] Updater:308 - Updater called before beeing initialized
2024-03-22 08:44:42,254 [FATAL] Updater:308 - Updater called before beeing initialized
2024-03-22 08:44:42,254 [WARN] DetailPanel:346 - Failed to get advertising image, set to default
2024-03-22 08:44:42,256 [FATAL] Updater:308 - Updater called before beeing initialized
2024-03-22 08:44:42,318 [ERROR] Updater:1120 - MainUpdater not yet initialized. External WinMGr cannot be set.
2024-03-22 08:44:42,320 [INFO] Updater:1056 - Updater Version found : 6.11.0
2024-03-22 08:44:42,340 [INFO] ApplicationProperties:184 - Using Application install path: C:\ST\STM32CubeIDE_1.14.0\STM32CubeIDE\plugins\com.st.stm32cube.common.mx_6.11.0.202403141607
2024-03-22 08:44:43,388 [INFO] MainUpdater:2873 - connection check result : 10
2024-03-22 08:44:43,389 [INFO] MainUpdater:290 - Updater Check For Update Now.
2024-03-22 08:44:43,389 [INFO] MicroXplorer:498 - Change Database Version : DB.6.0.110
2024-03-22 08:44:43,402 [INFO] McuFinderGlobals:63 - Set McuFinder mode to 2 (CubeIDE integrated)
2024-03-22 08:44:43,416 [INFO] UserAuth:415 - Internet connection configuration mode: 1
2024-03-22 08:44:43,442 [INFO] JxBrowserEngine:152 - Initiate JxBrowser Engine with user profile folder
2024-03-22 08:44:43,622 [INFO] CheckServerUpdateThread:120 - End of CheckServer Thread
2024-03-22 08:44:44,041 [WARN] PackLoader:240 - Cannot read IP mode file for STMicroelectronics.X-CUBE-SMBUS.2.1.0
2024-03-22 08:44:44,050 [WARN] PackLoader:240 - Cannot read IP mode file for STMicroelectronics.X-CUBE-TOUCHGFX.4.23.0
2024-03-22 08:44:44,088 [WARN] PackLoader:240 - Cannot read IP mode file for STMicroelectronics.X-CUBE-AZRTOS-F7.1.1.0
2024-03-22 08:44:44,110 [WARN] PackLoader:240 - Cannot read IP mode file for STMicroelectronics.FP-SNS-MOTENV1.4.3.2
2024-03-22 08:44:44,118 [WARN] PackLoader:240 - Cannot read IP mode file for STMicroelectronics.FP-SNS-FLIGHT1.5.0.2
2024-03-22 08:44:44,129 [WARN] PackLoader:240 - Cannot read IP mode file for STMicroelectronics.X-CUBE-DISPLAY.3.0.0
2024-03-22 08:44:44,152 [WARN] PackLoader:240 - Cannot read IP mode file for STMicroelectronics.X-CUBE-BLE1.7.0.0
2024-03-22 08:44:44,159 [WARN] PackLoader:240 - Cannot read IP mode file for emotas.I-CUBE-CANOPEN.1.3.0
2024-03-22 08:44:44,173 [WARN] PackLoader:240 - Cannot read IP mode file for STMicroelectronics.X-CUBE-BLEMGR.3.1.0
2024-03-22 08:44:44,182 [WARN] PackLoader:240 - Cannot read IP mode file for STMicroelectronics.FP-SNS-SMARTAG2.1.2.0
2024-03-22 08:44:44,196 [INFO] LogOutputStream:77 - [STDOUT_REDIRECT] 1 : Invalid condition id : UX_CORESTACK_Condition cause : null
2024-03-22 08:44:44,197 [INFO] LogOutputStream:77 - [STDOUT_REDIRECT] 1 : Invalid condition id : UX_CORESTACK_Condition cause : null
2024-03-22 08:44:44,198 [INFO] LogOutputStream:77 - [STDOUT_REDIRECT] 1 : Invalid condition id : UX_CORESTACK_Condition cause : null
2024-03-22 08:44:44,200 [INFO] LogOutputStream:77 - [STDOUT_REDIRECT] 1 : Invalid condition id : UX_CORESTACK_Condition cause : null
2024-03-22 08:44:44,201 [INFO] LogOutputStream:77 - [STDOUT_REDIRECT] 1 : Invalid condition id : UX_CORESTACK_Condition cause : null
2024-03-22 08:44:44,206 [WARN] PackLoader:240 - Cannot read IP mode file for STMicroelectronics.X-CUBE-AZRTOS-WL.2.0.0
2024-03-22 08:44:44,216 [WARN] PackLoader:240 - Cannot read IP mode file for WES.I-CUBE-Cesium.1.3.0
2024-03-22 08:44:44,222 [WARN] PackLoader:240 - Cannot read IP mode file for STMicroelectronics.X-CUBE-BLE2.3.3.0
2024-03-22 08:44:44,230 [WARN] PackLoader:240 - Cannot read IP mode file for STMicroelectronics.X-CUBE-ALGOBUILD.1.3.0
2024-03-22 08:44:44,251 [WARN] PackLoader:240 - Cannot read IP mode file for STMicroelectronics.X-CUBE-AZRTOS-G0.1.1.0
2024-03-22 08:44:44,261 [WARN] PackLoader:240 - Cannot read IP mode file for STMicroelectronics.X-CUBE-NFC4.3.0.0
2024-03-22 08:44:44,265 [WARN] PackLoader:240 - Cannot read IP mode file for STMicroelectronics.FP-ATR-SIGFOX1.3.2.0
2024-03-22 08:44:44,271 [WARN] PackLoader:240 - Cannot read IP mode file for STMicroelectronics.X-CUBE-EEPRMA1.5.1.0
2024-03-22 08:44:44,311 [WARN] PackLoader:240 - Cannot read IP mode file for SEGGER.I-CUBE-embOS.1.3.1
2024-03-22 08:44:44,316 [INFO] WebApp:161 - Instantiating new browser for Auth
2024-03-22 08:44:44,364 [WARN] PackLoader:240 - Cannot read IP mode file for STMicroelectronics.X-CUBE-GNSS1.6.0.0
2024-03-22 08:44:44,387 [WARN] PackLoader:240 - Cannot read IP mode file for STMicroelectronics.X-CUBE-AZRTOS-F4.1.1.0
2024-03-22 08:44:44,397 [WARN] PackLoader:240 - Cannot read IP mode file for wolfSSL.I-CUBE-wolfSSL.5.6.6
2024-03-22 08:44:44,418 [WARN] PackLoader:240 - Cannot read IP mode file for STMicroelectronics.X-CUBE-AZRTOS-L5.2.0.0
2024-03-22 08:44:44,428 [WARN] PackLoader:240 - Cannot read IP mode file for STMicroelectronics.X-CUBE-NFC6.3.1.0
2024-03-22 08:44:44,448 [WARN] PackLoader:240 - Cannot read IP mode file for ITTIA_DB.I-CUBE-ITTIADB.8.8.0
2024-03-22 08:44:44,453 [WARN] PackLoader:240 - Cannot read IP mode file for STMicroelectronics.X-CUBE-NFC7.1.0.1
2024-03-22 08:44:44,461 [WARN] PackLoader:240 - Cannot read IP mode file for STMicroelectronics.X-CUBE-NFC6.3.0.0
2024-03-22 08:44:44,486 [WARN] PackLoader:240 - Cannot read IP mode file for STMicroelectronics.X-CUBE-AI.8.1.0
2024-03-22 08:44:44,517 [WARN] ConditionMgr:438 - getConditionDescription Invalid condition id : LAN8742 Phy interface Condition cause : null
2024-03-22 08:44:44,518 [WARN] PackLoader:240 - Cannot read IP mode file for STMicroelectronics.X-CUBE-AZRTOS-L4.2.0.0
2024-03-22 08:44:44,519 [WARN] ConditionMgr:1039 - genDependencies : Invalid condition id : LAN8742 Phy interface Condition cause : null
2024-03-22 08:44:44,520 [WARN] ConditionMgr:1039 - genDependencies : Invalid condition id : LAN8742 Phy interface Condition cause : null
2024-03-22 08:44:44,521 [WARN] ConditionMgr:1039 - genDependencies : Invalid condition id : LAN8742 Phy interface Condition cause : null
2024-03-22 08:44:44,532 [WARN] PackLoader:240 - Cannot read IP mode file for STMicroelectronics.X-CUBE-SFXS2LP1.4.0.0
2024-03-22 08:44:44,550 [WARN] ConditionMgr:438 - getConditionDescription Invalid condition id : UX DEVICE CLASS RTOS Condition cause : null
2024-03-22 08:44:44,550 [WARN] ConditionMgr:438 - getConditionDescription Invalid condition id : UX DEVICE CLASS RTOS Condition cause : null
2024-03-22 08:44:44,552 [WARN] PackLoader:240 - Cannot read IP mode file for STMicroelectronics.X-CUBE-AZRTOS-WB.2.0.0
2024-03-22 08:44:44,552 [WARN] ConditionMgr:1039 - genDependencies : Invalid condition id : UX DEVICE CLASS RTOS Condition cause : null
2024-03-22 08:44:44,553 [WARN] ConditionMgr:1039 - genDependencies : Invalid condition id : UX DEVICE CLASS RTOS Condition cause : null
2024-03-22 08:44:44,553 [WARN] ConditionMgr:1039 - genDependencies : Invalid condition id : UX DEVICE CLASS RTOS Condition cause : null
2024-03-22 08:44:44,553 [WARN] ConditionMgr:1039 - genDependencies : Invalid condition id : UX DEVICE CLASS RTOS Condition cause : null
2024-03-22 08:44:44,553 [WARN] ConditionMgr:1039 - genDependencies : Invalid condition id : UX DEVICE CLASS RTOS Condition cause : null
2024-03-22 08:44:44,568 [WARN] PackLoader:240 - Cannot read IP mode file for STMicroelectronics.X-CUBE-SUBG2.5.0.0
2024-03-22 08:44:44,592 [WARN] PackLoader:240 - Cannot read IP mode file for STMicroelectronics.X-CUBE-AZRTOS-G4.2.0.0
2024-03-22 08:44:44,609 [WARN] PackLoader:240 - Cannot read IP mode file for Infineon.AIROC-Wi-Fi-Bluetooth-STM32.1.5.1
2024-03-22 08:44:44,617 [WARN] PackLoader:240 - Cannot read IP mode file for STMicroelectronics.FP-SNS-MOTENVWB1.1.3.1
2024-03-22 08:44:44,621 [WARN] PackLoader:240 - Cannot read IP mode file for STMicroelectronics.X-CUBE-ISPU.2.0.0
2024-03-22 08:44:44,687 [WARN] PackLoader:240 - Cannot read IP mode file for STMicroelectronics.X-CUBE-MEMS1.10.0.0
2024-03-22 08:44:44,865 [WARN] PackLoader:240 - Cannot read IP mode file for STMicroelectronics.X-CUBE-FREERTOS.1.1.0
2024-03-22 08:44:44,870 [WARN] PackLoader:240 - Cannot read IP mode file for portGmbH.I-Cube-SoM-uGOAL.1.1.0
2024-03-22 08:44:44,873 [WARN] PackLoader:240 - Cannot read IP mode file for STMicroelectronics.X-CUBE-ALS.1.0.1
2024-03-22 08:44:44,878 [WARN] PackLoader:240 - Cannot read IP mode file for STMicroelectronics.FP-ATR-ASTRA1.2.0.0
2024-03-22 08:44:44,890 [WARN] PackLoader:240 - Cannot read IP mode file for STMicroelectronics.X-CUBE-TOF1.3.4.0
2024-03-22 08:44:44,917 [WARN] PackLoader:240 - Cannot read IP mode file for STMicroelectronics.X-CUBE-TOF1.3.4.1
2024-03-22 08:44:44,954 [WARN] PackLoader:240 - Cannot read IP mode file for STMicroelectronics.X-CUBE-AZRTOS-H7.3.2.0
2024-03-22 08:44:44,959 [INFO] ThirdParty:978 - Integrity check success = true
2024-03-22 08:44:44,959 [INFO] IntegrityCheckThread:100 - exiting critical section [integrity check]
2024-03-22 08:44:44,959 [INFO] IntegrityCheckThread:103 - End integrity checks thread
2024-03-22 08:44:45,195 [INFO] WebApp:779 - Register for checkConnection events
2024-03-22 08:44:45,196 [INFO] WebApp:414 - Apply proxy settings
2024-03-22 08:44:45,196 [INFO] WebApp:499 - Chromium requires no authentication
2024-03-22 08:44:45,204 [INFO] WebApp:442 - Direct internet connection detected
2024-03-22 08:44:45,368 [INFO] WebApp:192 - Starting web application
2024-03-22 08:44:45,368 [INFO] WebApp:544 - Web application path used C:\ST\STM32CubeIDE_1.14.0\STM32CubeIDE\plugins\com.st.stm32cube.common.mx_6.11.0.202403141607\db\plugins\mcufinder\reactClient1\index.html
