2024-03-21 12:54:09,852 [INFO] Activator:176 - 


2024-03-21 12:54:09,857 [INFO] Activator:177 - !SESSION log4j initialized
2024-03-21 12:54:15,387 [INFO] LogOutputStream:77 - [STDOUT_REDIRECT] 
2024-03-21 12:54:18,510 [INFO] ApplicationProperties:184 - Using Application install path: C:\ST\STM32CubeIDE_1.14.0\STM32CubeIDE\plugins\com.st.stm32cube.common.mx_6.11.0.202403141607
2024-03-21 12:54:18,528 [INFO] DbMcusXml:78 - Set database path to: C:\ST\STM32CubeIDE_1.14.0\STM32CubeIDE\plugins\com.st.stm32cube.common.mx_6.11.0.202403141607\\db\/mcu/
2024-03-21 12:54:18,528 [INFO] ApiDb:274 - Set plugin database path to: C:\ST\STM32CubeIDE_1.14.0\STM32CubeIDE\plugins\com.st.stm32cube.common.mx_6.11.0.202403141607\\db\/plugins/boardmanager/
2024-03-21 12:54:18,529 [WARN] ApiDb:259 - Overriding images path with different value:  => C:\ST\STM32CubeIDE_1.14.0\STM32CubeIDE\plugins\com.st.stm32cube.common.mx_6.11.0.202403141607\\db\/plugins/mcufinder/images/
2024-03-21 12:54:18,542 [INFO] ApiDb:250 - Set database path to: C:\Users\phamt\.stmcufinder\plugins\mcufinder//mcu/
2024-03-21 12:54:18,543 [INFO] DbMcusAds:125 - Set database path to: C:\Users\phamt\.stmcufinder\plugins\mcufinder//mcu/
2024-03-21 12:54:19,505 [INFO] CrossReferenceDbSqlite:203 - Set database path to: C:\Users\phamt\.stmcufinder\plugins\mcufinder//mcu/cs/
2024-03-21 12:54:19,675 [INFO] RulesReader:64 - Compatibility file has been processed (297 Rules)
2024-03-21 12:54:19,772 [INFO] DbMcusXml:78 - Set database path to: C:\ST\STM32CubeIDE_1.14.0\STM32CubeIDE\plugins\com.st.stm32cube.common.mx_6.11.0.202403141607\\db\/mcu/
2024-03-21 12:54:19,772 [INFO] ApiDb:274 - Set plugin database path to: C:\ST\STM32CubeIDE_1.14.0\STM32CubeIDE\plugins\com.st.stm32cube.common.mx_6.11.0.202403141607\\db\/plugins/boardmanager/
2024-03-21 12:54:19,772 [INFO] ApiDb:261 - Set plugin images path to: C:\ST\STM32CubeIDE_1.14.0\STM32CubeIDE\plugins\com.st.stm32cube.common.mx_6.11.0.202403141607\\db\/plugins/mcufinder/images/
2024-03-21 12:54:19,772 [WARN] DbFile:41 - Overriding database path with different value: C:\Users\phamt\.stmcufinder\plugins\mcufinder/ => C:\Users\phamt\.stmcufinder\plugins\mcufinder
2024-03-21 12:54:19,773 [INFO] ApiDb:250 - Set database path to: C:\Users\phamt\.stmcufinder\plugins\mcufinder//mcu/
2024-03-21 12:54:19,773 [WARN] DbFile:41 - Overriding database path with different value: C:\Users\phamt\.stmcufinder\plugins\mcufinder/ => C:\Users\phamt\.stmcufinder\plugins\mcufinder
2024-03-21 12:54:19,773 [INFO] DbMcusAds:125 - Set database path to: C:\Users\phamt\.stmcufinder\plugins\mcufinder//mcu/
2024-03-21 12:54:19,773 [WARN] DbFile:41 - Overriding database path with different value: C:\Users\phamt\.stmcufinder\plugins\mcufinder/ => C:\Users\phamt\.stmcufinder\plugins\mcufinder
2024-03-21 12:54:19,773 [WARN] DbFile:41 - Overriding database path with different value: C:\Users\phamt\.stmcufinder\plugins\mcufinder/ => C:\Users\phamt\.stmcufinder\plugins\mcufinder
2024-03-21 12:54:20,511 [INFO] CrossReferenceDbSqlite:203 - Set database path to: C:\Users\phamt\.stmcufinder\plugins\mcufinder//mcu/cs/
2024-03-21 12:54:20,638 [INFO] MainPanel:264 - HeapMemory: 268435456
2024-03-21 12:54:20,841 [INFO] DbMcusXml:78 - Set database path to: C:\ST\STM32CubeIDE_1.14.0\STM32CubeIDE\plugins\com.st.stm32cube.common.mx_6.11.0.202403141607\\db\/mcu/
2024-03-21 12:54:20,841 [INFO] ApiDb:274 - Set plugin database path to: C:\ST\STM32CubeIDE_1.14.0\STM32CubeIDE\plugins\com.st.stm32cube.common.mx_6.11.0.202403141607\\db\/plugins/boardmanager/
2024-03-21 12:54:20,842 [INFO] ApiDb:261 - Set plugin images path to: C:\ST\STM32CubeIDE_1.14.0\STM32CubeIDE\plugins\com.st.stm32cube.common.mx_6.11.0.202403141607\\db\/plugins/mcufinder/images/
2024-03-21 12:54:20,842 [WARN] DbFile:41 - Overriding database path with different value: C:\Users\phamt\.stmcufinder\plugins\mcufinder/ => C:\Users\phamt\.stmcufinder\plugins\mcufinder
2024-03-21 12:54:20,842 [INFO] ApiDb:250 - Set database path to: C:\Users\phamt\.stmcufinder\plugins\mcufinder//mcu/
2024-03-21 12:54:20,843 [WARN] DbFile:41 - Overriding database path with different value: C:\Users\phamt\.stmcufinder\plugins\mcufinder/ => C:\Users\phamt\.stmcufinder\plugins\mcufinder
2024-03-21 12:54:20,843 [INFO] DbMcusAds:125 - Set database path to: C:\Users\phamt\.stmcufinder\plugins\mcufinder//mcu/
2024-03-21 12:54:20,843 [WARN] DbFile:41 - Overriding database path with different value: C:\Users\phamt\.stmcufinder\plugins\mcufinder/ => C:\Users\phamt\.stmcufinder\plugins\mcufinder
2024-03-21 12:54:20,843 [WARN] DbFile:41 - Overriding database path with different value: C:\Users\phamt\.stmcufinder\plugins\mcufinder/ => C:\Users\phamt\.stmcufinder\plugins\mcufinder
2024-03-21 12:54:21,512 [INFO] CrossReferenceDbSqlite:203 - Set database path to: C:\Users\phamt\.stmcufinder\plugins\mcufinder//mcu/cs/
2024-03-21 12:54:21,554 [INFO] ApplicationProperties:184 - Using Application install path: C:\ST\STM32CubeIDE_1.14.0\STM32CubeIDE\plugins\com.st.stm32cube.common.mx_6.11.0.202403141607
2024-03-21 12:54:21,558 [INFO] PluginManage:196 - Search for loadable plugins [exclusion list=, ]
2024-03-21 12:54:21,562 [INFO] PluginManage:310 - Check plugin analytics
2024-03-21 12:54:22,616 [INFO] AnalyticsPlugin:253 - Accepted Software Licenses: STM32CubeMX.6.9.0
2024-03-21 12:54:22,617 [INFO] AnalyticsPlugin:255 - Accepted CMSIS Pack Licenses: 
2024-03-21 12:54:22,617 [INFO] AnalyticsPlugin:257 - Accepted Firmware Licenses: FW.F4.1.27.0
2024-03-21 12:54:22,622 [INFO] PluginManage:359 - Loaded plugin analytics (category:tool,tabindex:-1)
2024-03-21 12:54:22,623 [INFO] PluginManage:310 - Check plugin cadmodel
2024-03-21 12:54:22,638 [INFO] CADModel:105 - Init CAD model plugin
2024-03-21 12:54:22,638 [INFO] PluginManage:359 - Loaded plugin cadmodel (category:power,tabindex:5)
2024-03-21 12:54:22,638 [INFO] PluginManage:310 - Check plugin clock
2024-03-21 12:54:22,660 [INFO] PluginManage:359 - Loaded plugin clock (category:base,tabindex:2)
2024-03-21 12:54:22,660 [INFO] PluginManage:310 - Check plugin ddr
2024-03-21 12:54:22,662 [INFO] PluginManage:359 - Loaded plugin ddr (category:tool,tabindex:6)
2024-03-21 12:54:22,662 [INFO] PluginManage:310 - Check plugin filemanager
2024-03-21 12:54:22,825 [INFO] PluginManage:359 - Loaded plugin filemanager (category:base,tabindex:10)
2024-03-21 12:54:22,826 [INFO] PluginManage:310 - Check plugin ipmanager
2024-03-21 12:54:22,832 [INFO] PluginManage:359 - Loaded plugin ipmanager (category:base,tabindex:5)
2024-03-21 12:54:22,832 [INFO] PluginManage:310 - Check plugin lpbam
2024-03-21 12:54:22,851 [INFO] PluginManage:359 - Loaded plugin lpbam (category:base,tabindex:0)
2024-03-21 12:54:22,851 [INFO] PluginManage:310 - Check plugin memorymap
2024-03-21 12:54:22,879 [INFO] PluginManage:359 - Loaded plugin memorymap (category:base,tabindex:4)
2024-03-21 12:54:22,879 [INFO] PluginManage:310 - Check plugin pinoutandconfiguration
2024-03-21 12:54:22,896 [INFO] PluginManage:359 - Loaded plugin pinoutandconfiguration (category:base,tabindex:1)
2024-03-21 12:54:22,896 [INFO] PluginManage:310 - Check plugin pinoutconfig
2024-03-21 12:54:22,998 [WARN] SupportedApi:132 - Cannot load RTOS API schema: s4s-elt-must-match.1: The content of 'definitions' must match (annotation?, (simpleType | complexType)?, (unique | key | keyref)*)). A problem was found starting at: attribute.
2024-03-21 12:54:23,154 [INFO] PluginManage:359 - Loaded plugin pinoutconfig (category:base,tabindex:0)
2024-03-21 12:54:23,155 [INFO] PluginManage:310 - Check plugin power
2024-03-21 12:54:23,177 [INFO] PluginManage:359 - Loaded plugin power (category:power,tabindex:4)
2024-03-21 12:54:23,177 [INFO] PluginManage:310 - Check plugin projectmanager
2024-03-21 12:54:23,194 [INFO] PluginManage:359 - Loaded plugin projectmanager (category:projectmanager,tabindex:3)
2024-03-21 12:54:23,195 [INFO] PluginManage:310 - Check plugin thirdparty
2024-03-21 12:54:23,456 [INFO] PluginManage:359 - Loaded plugin thirdparty (category:base,tabindex:-1)
2024-03-21 12:54:23,457 [INFO] PluginManage:310 - Check plugin tools
2024-03-21 12:54:23,456 [WARN] IntegrityCheckThread:84 - waiting for thirdparty lock release [integrity check]
2024-03-21 12:54:23,457 [INFO] IntegrityCheckThread:86 - entering critical section [integrity check]
2024-03-21 12:54:23,458 [INFO] ThirdPartyUpdaterWithRetryManager:70 - Updater plugin not ready yet. [1/15]
2024-03-21 12:54:23,495 [INFO] PluginManage:359 - Loaded plugin tools (category:base,tabindex:7)
2024-03-21 12:54:23,495 [INFO] PluginManage:310 - Check plugin tutovideos
2024-03-21 12:54:23,760 [INFO] PluginManage:359 - Loaded plugin tutovideos (category:base,tabindex:-1)
2024-03-21 12:54:23,760 [INFO] PluginManage:310 - Check plugin updater
2024-03-21 12:54:23,773 [INFO] PluginManage:359 - Loaded plugin updater (category:base,tabindex:12)
2024-03-21 12:54:23,773 [INFO] PluginManage:310 - Check plugin userauth
2024-03-21 12:54:23,779 [INFO] UserAuth:114 - Init User Auth plugin
2024-03-21 12:54:23,779 [INFO] PluginManage:359 - Loaded plugin userauth (category:base,tabindex:14)
2024-03-21 12:54:23,780 [INFO] PluginManage:283 - PluginManage : Loaded plugins [17]
2024-03-21 12:54:24,003 [INFO] PinOutPanel:1561 - setPackage(No Configuration,No Configuration)
2024-03-21 12:54:24,078 [INFO] CADModel:165 - CPN selected for project level
2024-03-21 12:54:24,078 [INFO] CADModel:114 - Register for checkConnection events
2024-03-21 12:54:24,106 [INFO] IPUIPlugin:80 - create IPUIPlugin
2024-03-21 12:54:24,106 [INFO] PluginManager:220 - loadIPPluginJar : add adc
2024-03-21 12:54:24,140 [INFO] IPUIPlugin:80 - create IPUIPlugin
2024-03-21 12:54:24,140 [INFO] PluginManager:220 - loadIPPluginJar : add aes
2024-03-21 12:54:24,185 [INFO] IPUIPlugin:80 - create IPUIPlugin
2024-03-21 12:54:24,186 [INFO] PluginManager:220 - loadIPPluginJar : add can
2024-03-21 12:54:24,204 [INFO] IPUIPlugin:80 - create IPUIPlugin
2024-03-21 12:54:24,204 [INFO] PluginManager:220 - loadIPPluginJar : add comp
2024-03-21 12:54:24,232 [INFO] IPUIPlugin:80 - create IPUIPlugin
2024-03-21 12:54:24,232 [INFO] PluginManager:220 - loadIPPluginJar : add cryp
2024-03-21 12:54:24,280 [INFO] IPUIPlugin:80 - create IPUIPlugin
2024-03-21 12:54:24,280 [INFO] PluginManager:220 - loadIPPluginJar : add dfsdm
2024-03-21 12:54:24,298 [INFO] IPUIPlugin:80 - create IPUIPlugin
2024-03-21 12:54:24,299 [INFO] PluginManager:220 - loadIPPluginJar : add dma
2024-03-21 12:54:24,342 [INFO] IPUIPlugin:80 - create IPUIPlugin
2024-03-21 12:54:24,342 [INFO] PluginManager:220 - loadIPPluginJar : add dma3
2024-03-21 12:54:24,379 [INFO] IPUIPlugin:80 - create IPUIPlugin
2024-03-21 12:54:24,380 [INFO] PluginManager:220 - loadIPPluginJar : add extmemmanager
2024-03-21 12:54:24,399 [INFO] IPUIPlugin:80 - create IPUIPlugin
2024-03-21 12:54:24,399 [INFO] PluginManager:220 - loadIPPluginJar : add fatfs
2024-03-21 12:54:24,453 [INFO] IPUIPlugin:80 - create IPUIPlugin
2024-03-21 12:54:24,453 [INFO] PluginManager:220 - loadIPPluginJar : add fmc
2024-03-21 12:54:24,479 [INFO] IPUIPlugin:80 - create IPUIPlugin
2024-03-21 12:54:24,479 [INFO] PluginManager:220 - loadIPPluginJar : add freertos
2024-03-21 12:54:24,508 [INFO] IPUIPlugin:80 - create IPUIPlugin
2024-03-21 12:54:24,508 [INFO] PluginManager:220 - loadIPPluginJar : add genericplugin
2024-03-21 12:54:24,583 [INFO] IPUIPlugin:80 - create IPUIPlugin
2024-03-21 12:54:24,583 [INFO] PluginManager:220 - loadIPPluginJar : add gfxmmu
2024-03-21 12:54:24,705 [INFO] IPUIPlugin:80 - create IPUIPlugin
2024-03-21 12:54:24,705 [INFO] PluginManager:220 - loadIPPluginJar : add gic
2024-03-21 12:54:24,717 [INFO] IPUIPlugin:80 - create IPUIPlugin
2024-03-21 12:54:24,717 [INFO] PluginManager:220 - loadIPPluginJar : add gpio
2024-03-21 12:54:24,793 [INFO] IPUIPlugin:80 - create IPUIPlugin
2024-03-21 12:54:24,793 [INFO] PluginManager:220 - loadIPPluginJar : add gtzc
2024-03-21 12:54:24,822 [INFO] IPUIPlugin:80 - create IPUIPlugin
2024-03-21 12:54:24,822 [INFO] PluginManager:220 - loadIPPluginJar : add hash
2024-03-21 12:54:24,865 [INFO] IPUIPlugin:80 - create IPUIPlugin
2024-03-21 12:54:24,865 [INFO] PluginManager:220 - loadIPPluginJar : add i2c
2024-03-21 12:54:24,898 [INFO] IPUIPlugin:80 - create IPUIPlugin
2024-03-21 12:54:24,898 [INFO] PluginManager:220 - loadIPPluginJar : add i2s
2024-03-21 12:54:24,951 [INFO] IPUIPlugin:80 - create IPUIPlugin
2024-03-21 12:54:24,952 [INFO] PluginManager:220 - loadIPPluginJar : add i3c
2024-03-21 12:54:25,061 [INFO] IPUIPlugin:80 - create IPUIPlugin
2024-03-21 12:54:25,061 [INFO] PluginManager:220 - loadIPPluginJar : add ipddr
2024-03-21 12:54:25,175 [INFO] IPUIPlugin:80 - create IPUIPlugin
2024-03-21 12:54:25,176 [INFO] PluginManager:220 - loadIPPluginJar : add linkedlist
2024-03-21 12:54:25,217 [INFO] IPUIPlugin:80 - create IPUIPlugin
2024-03-21 12:54:25,218 [INFO] PluginManager:220 - loadIPPluginJar : add lorawan
2024-03-21 12:54:25,248 [INFO] IPUIPlugin:80 - create IPUIPlugin
2024-03-21 12:54:25,248 [INFO] PluginManager:220 - loadIPPluginJar : add ltdc
2024-03-21 12:54:25,263 [INFO] IPUIPlugin:80 - create IPUIPlugin
2024-03-21 12:54:25,263 [INFO] PluginManager:220 - loadIPPluginJar : add mdma
2024-03-21 12:54:25,274 [INFO] IPUIPlugin:80 - create IPUIPlugin
2024-03-21 12:54:25,274 [INFO] PluginManager:220 - loadIPPluginJar : add nvic
2024-03-21 12:54:25,304 [INFO] IPUIPlugin:80 - create IPUIPlugin
2024-03-21 12:54:25,304 [INFO] PluginManager:220 - loadIPPluginJar : add opamp
2024-03-21 12:54:25,360 [INFO] IPUIPlugin:80 - create IPUIPlugin
2024-03-21 12:54:25,361 [INFO] PluginManager:220 - loadIPPluginJar : add openamp
2024-03-21 12:54:25,395 [INFO] IPUIPlugin:80 - create IPUIPlugin
2024-03-21 12:54:25,395 [INFO] PluginManager:220 - loadIPPluginJar : add pdm2pcm
2024-03-21 12:54:25,406 [INFO] IPUIPlugin:80 - create IPUIPlugin
2024-03-21 12:54:25,408 [INFO] PluginManager:220 - loadIPPluginJar : add plateformsettings
2024-03-21 12:54:25,426 [INFO] IPUIPlugin:80 - create IPUIPlugin
2024-03-21 12:54:25,426 [INFO] PluginManager:220 - loadIPPluginJar : add quadspi
2024-03-21 12:54:25,437 [INFO] IPUIPlugin:80 - create IPUIPlugin
2024-03-21 12:54:25,437 [INFO] PluginManager:220 - loadIPPluginJar : add resmgrutility
2024-03-21 12:54:25,486 [INFO] IPUIPlugin:80 - create IPUIPlugin
2024-03-21 12:54:25,487 [INFO] PluginManager:220 - loadIPPluginJar : add sai
2024-03-21 12:54:25,529 [INFO] IPUIPlugin:80 - create IPUIPlugin
2024-03-21 12:54:25,530 [INFO] PluginManager:220 - loadIPPluginJar : add spi
2024-03-21 12:54:25,614 [INFO] IPUIPlugin:80 - create IPUIPlugin
2024-03-21 12:54:25,615 [INFO] PluginManager:220 - loadIPPluginJar : add stm32_wpan
2024-03-21 12:54:25,651 [INFO] IPUIPlugin:80 - create IPUIPlugin
2024-03-21 12:54:25,651 [INFO] PluginManager:220 - loadIPPluginJar : add tim
2024-03-21 12:54:25,708 [INFO] IPUIPlugin:80 - create IPUIPlugin
2024-03-21 12:54:25,708 [INFO] PluginManager:220 - loadIPPluginJar : add touchsensing
2024-03-21 12:54:25,727 [INFO] IPUIPlugin:80 - create IPUIPlugin
2024-03-21 12:54:25,727 [INFO] PluginManager:220 - loadIPPluginJar : add tracer_emb
2024-03-21 12:54:25,746 [INFO] IPUIPlugin:80 - create IPUIPlugin
2024-03-21 12:54:25,746 [INFO] PluginManager:220 - loadIPPluginJar : add ts
2024-03-21 12:54:25,764 [INFO] IPUIPlugin:80 - create IPUIPlugin
2024-03-21 12:54:25,764 [INFO] PluginManager:220 - loadIPPluginJar : add tsc
2024-03-21 12:54:25,782 [INFO] IPUIPlugin:80 - create IPUIPlugin
2024-03-21 12:54:25,783 [INFO] PluginManager:220 - loadIPPluginJar : add ucpd
2024-03-21 12:54:25,819 [INFO] IPUIPlugin:80 - create IPUIPlugin
2024-03-21 12:54:25,820 [INFO] PluginManager:220 - loadIPPluginJar : add usart
2024-03-21 12:54:25,855 [INFO] IPUIPlugin:80 - create IPUIPlugin
2024-03-21 12:54:25,855 [INFO] PluginManager:220 - loadIPPluginJar : add usbx
2024-03-21 12:54:25,981 [INFO] CADModel:165 - CPN selected for project level
2024-03-21 12:54:25,981 [INFO] CADModel:114 - Register for checkConnection events
2024-03-21 12:54:25,981 [FATAL] Updater:308 - Updater called before beeing initialized
2024-03-21 12:54:25,982 [ERROR] CADModel:125 - Updater not yet initialized, retry later 
2024-03-21 12:54:26,146 [INFO] CADModel:165 - CPN selected for project level
2024-03-21 12:54:26,146 [INFO] CADModel:114 - Register for checkConnection events
2024-03-21 12:54:26,146 [FATAL] Updater:308 - Updater called before beeing initialized
2024-03-21 12:54:26,146 [ERROR] CADModel:125 - Updater not yet initialized, retry later 
2024-03-21 12:54:26,149 [FATAL] Updater:308 - Updater called before beeing initialized
2024-03-21 12:54:26,259 [FATAL] Updater:308 - Updater called before beeing initialized
2024-03-21 12:54:26,268 [INFO] DbMcusAds:53 - JSON generation date=Wed Nov 29 17:52:27 ICT 2023 (1701255147349)
2024-03-21 12:54:26,268 [FATAL] Updater:308 - Updater called before beeing initialized
2024-03-21 12:54:26,346 [WARN] DetailPanel:346 - Failed to get advertising image, set to default
2024-03-21 12:54:26,444 [FATAL] Updater:308 - Updater called before beeing initialized
2024-03-21 12:54:26,446 [FATAL] Updater:308 - Updater called before beeing initialized
2024-03-21 12:54:26,446 [FATAL] Updater:308 - Updater called before beeing initialized
2024-03-21 12:54:26,446 [WARN] DetailPanel:346 - Failed to get advertising image, set to default
2024-03-21 12:54:26,447 [FATAL] Updater:308 - Updater called before beeing initialized
2024-03-21 12:54:26,460 [INFO] ThirdPartyUpdaterWithRetryManager:70 - Updater plugin not ready yet. [2/15]
2024-03-21 12:54:26,512 [ERROR] Updater:1120 - MainUpdater not yet initialized. External WinMGr cannot be set.
2024-03-21 12:54:26,521 [INFO] Updater:1056 - Updater Version found : 6.11.0
2024-03-21 12:54:26,541 [INFO] ApplicationProperties:184 - Using Application install path: C:\ST\STM32CubeIDE_1.14.0\STM32CubeIDE\plugins\com.st.stm32cube.common.mx_6.11.0.202403141607
2024-03-21 12:54:27,136 [INFO] MainUpdater:2873 - connection check result : 10
2024-03-21 12:54:27,136 [INFO] MainUpdater:3567 - Updater definition file requires update
2024-03-21 12:54:27,138 [INFO] MainUpdater:290 - Updater Check For Update Now.
2024-03-21 12:54:27,138 [INFO] MicroXplorer:498 - Change Database Version : DB.6.0.110
2024-03-21 12:54:27,173 [INFO] McuFinderGlobals:63 - Set McuFinder mode to 2 (CubeIDE integrated)
2024-03-21 12:54:27,191 [INFO] UserAuth:415 - Internet connection configuration mode: 1
2024-03-21 12:54:27,230 [INFO] JxBrowserEngine:152 - Initiate JxBrowser Engine with user profile folder
2024-03-21 12:54:27,616 [INFO] ServerAccessManage:473 - Download File updaters.zip
2024-03-21 12:54:27,967 [INFO] FileExtend:240 - Unzip File : updaters.zip
2024-03-21 12:54:27,968 [INFO] FileExtend:255 - Standard Zip Deflate
2024-03-21 12:54:28,314 [INFO] ServerAccessManage:473 - Download File PacksControlFlags.xml
2024-03-21 12:54:28,452 [INFO] ServerAccessManage:473 - Download File cubemx.pidx
2024-03-21 12:54:28,576 [INFO] LoadServerUpdatesThread:375 - End of LoadServerUpdate Thread
2024-03-21 12:54:28,780 [INFO] CheckServerUpdateThread:120 - End of CheckServer Thread
2024-03-21 12:54:29,662 [WARN] PackLoader:240 - Cannot read IP mode file for STMicroelectronics.X-CUBE-SMBUS.2.1.0
2024-03-21 12:54:29,679 [WARN] PackLoader:240 - Cannot read IP mode file for STMicroelectronics.X-CUBE-TOUCHGFX.4.23.0
2024-03-21 12:54:29,733 [WARN] PackLoader:240 - Cannot read IP mode file for STMicroelectronics.X-CUBE-AZRTOS-F7.1.1.0
2024-03-21 12:54:29,755 [WARN] PackLoader:240 - Cannot read IP mode file for STMicroelectronics.FP-SNS-MOTENV1.4.3.2
2024-03-21 12:54:29,773 [WARN] PackLoader:240 - Cannot read IP mode file for STMicroelectronics.FP-SNS-FLIGHT1.5.0.2
2024-03-21 12:54:29,793 [WARN] PackLoader:240 - Cannot read IP mode file for STMicroelectronics.X-CUBE-DISPLAY.3.0.0
2024-03-21 12:54:29,816 [WARN] PackLoader:240 - Cannot read IP mode file for STMicroelectronics.X-CUBE-BLE1.7.0.0
2024-03-21 12:54:29,833 [WARN] PackLoader:240 - Cannot read IP mode file for emotas.I-CUBE-CANOPEN.1.3.0
2024-03-21 12:54:29,856 [WARN] PackLoader:240 - Cannot read IP mode file for STMicroelectronics.X-CUBE-BLEMGR.3.1.0
2024-03-21 12:54:29,873 [WARN] PackLoader:240 - Cannot read IP mode file for STMicroelectronics.FP-SNS-SMARTAG2.1.2.0
2024-03-21 12:54:29,896 [INFO] LogOutputStream:77 - [STDOUT_REDIRECT] 1 : Invalid condition id : UX_CORESTACK_Condition cause : null
2024-03-21 12:54:29,896 [INFO] LogOutputStream:77 - [STDOUT_REDIRECT] 1 : Invalid condition id : UX_CORESTACK_Condition cause : null
2024-03-21 12:54:29,897 [INFO] LogOutputStream:77 - [STDOUT_REDIRECT] 1 : Invalid condition id : UX_CORESTACK_Condition cause : null
2024-03-21 12:54:29,898 [INFO] LogOutputStream:77 - [STDOUT_REDIRECT] 1 : Invalid condition id : UX_CORESTACK_Condition cause : null
2024-03-21 12:54:29,900 [INFO] LogOutputStream:77 - [STDOUT_REDIRECT] 1 : Invalid condition id : UX_CORESTACK_Condition cause : null
2024-03-21 12:54:29,904 [WARN] PackLoader:240 - Cannot read IP mode file for STMicroelectronics.X-CUBE-AZRTOS-WL.2.0.0
2024-03-21 12:54:29,922 [WARN] PackLoader:240 - Cannot read IP mode file for WES.I-CUBE-Cesium.1.3.0
2024-03-21 12:54:29,936 [WARN] PackLoader:240 - Cannot read IP mode file for STMicroelectronics.X-CUBE-BLE2.3.3.0
2024-03-21 12:54:29,952 [WARN] PackLoader:240 - Cannot read IP mode file for STMicroelectronics.X-CUBE-ALGOBUILD.1.3.0
2024-03-21 12:54:29,987 [WARN] PackLoader:240 - Cannot read IP mode file for STMicroelectronics.X-CUBE-AZRTOS-G0.1.1.0
2024-03-21 12:54:30,005 [WARN] PackLoader:240 - Cannot read IP mode file for STMicroelectronics.X-CUBE-NFC4.3.0.0
2024-03-21 12:54:30,018 [WARN] PackLoader:240 - Cannot read IP mode file for STMicroelectronics.FP-ATR-SIGFOX1.3.2.0
2024-03-21 12:54:30,033 [WARN] PackLoader:240 - Cannot read IP mode file for STMicroelectronics.X-CUBE-EEPRMA1.5.1.0
2024-03-21 12:54:30,085 [WARN] PackLoader:240 - Cannot read IP mode file for SEGGER.I-CUBE-embOS.1.3.1
2024-03-21 12:54:30,152 [WARN] PackLoader:240 - Cannot read IP mode file for STMicroelectronics.X-CUBE-GNSS1.6.0.0
2024-03-21 12:54:30,192 [WARN] PackLoader:240 - Cannot read IP mode file for STMicroelectronics.X-CUBE-AZRTOS-F4.1.1.0
2024-03-21 12:54:30,210 [WARN] PackLoader:240 - Cannot read IP mode file for wolfSSL.I-CUBE-wolfSSL.5.6.6
2024-03-21 12:54:30,246 [WARN] PackLoader:240 - Cannot read IP mode file for STMicroelectronics.X-CUBE-AZRTOS-L5.2.0.0
2024-03-21 12:54:30,267 [WARN] PackLoader:240 - Cannot read IP mode file for STMicroelectronics.X-CUBE-NFC6.3.1.0
2024-03-21 12:54:30,283 [WARN] PackLoader:240 - Cannot read IP mode file for ITTIA_DB.I-CUBE-ITTIADB.8.8.0
2024-03-21 12:54:30,296 [WARN] PackLoader:240 - Cannot read IP mode file for STMicroelectronics.X-CUBE-NFC7.1.0.1
2024-03-21 12:54:30,314 [WARN] PackLoader:240 - Cannot read IP mode file for STMicroelectronics.X-CUBE-NFC6.3.0.0
2024-03-21 12:54:30,330 [WARN] PackLoader:240 - Cannot read IP mode file for STMicroelectronics.X-CUBE-AI.8.1.0
2024-03-21 12:54:30,367 [WARN] ConditionMgr:438 - getConditionDescription Invalid condition id : LAN8742 Phy interface Condition cause : null
2024-03-21 12:54:30,367 [WARN] PackLoader:240 - Cannot read IP mode file for STMicroelectronics.X-CUBE-AZRTOS-L4.2.0.0
2024-03-21 12:54:30,369 [WARN] ConditionMgr:1039 - genDependencies : Invalid condition id : LAN8742 Phy interface Condition cause : null
2024-03-21 12:54:30,369 [WARN] ConditionMgr:1039 - genDependencies : Invalid condition id : LAN8742 Phy interface Condition cause : null
2024-03-21 12:54:30,370 [WARN] ConditionMgr:1039 - genDependencies : Invalid condition id : LAN8742 Phy interface Condition cause : null
2024-03-21 12:54:30,387 [WARN] PackLoader:240 - Cannot read IP mode file for STMicroelectronics.X-CUBE-SFXS2LP1.4.0.0
2024-03-21 12:54:30,419 [WARN] ConditionMgr:438 - getConditionDescription Invalid condition id : UX DEVICE CLASS RTOS Condition cause : null
2024-03-21 12:54:30,419 [WARN] ConditionMgr:438 - getConditionDescription Invalid condition id : UX DEVICE CLASS RTOS Condition cause : null
2024-03-21 12:54:30,422 [WARN] PackLoader:240 - Cannot read IP mode file for STMicroelectronics.X-CUBE-AZRTOS-WB.2.0.0
2024-03-21 12:54:30,422 [WARN] ConditionMgr:1039 - genDependencies : Invalid condition id : UX DEVICE CLASS RTOS Condition cause : null
2024-03-21 12:54:30,422 [WARN] ConditionMgr:1039 - genDependencies : Invalid condition id : UX DEVICE CLASS RTOS Condition cause : null
2024-03-21 12:54:30,423 [WARN] ConditionMgr:1039 - genDependencies : Invalid condition id : UX DEVICE CLASS RTOS Condition cause : null
2024-03-21 12:54:30,423 [WARN] ConditionMgr:1039 - genDependencies : Invalid condition id : UX DEVICE CLASS RTOS Condition cause : null
2024-03-21 12:54:30,423 [WARN] ConditionMgr:1039 - genDependencies : Invalid condition id : UX DEVICE CLASS RTOS Condition cause : null
2024-03-21 12:54:30,446 [WARN] PackLoader:240 - Cannot read IP mode file for STMicroelectronics.X-CUBE-SUBG2.5.0.0
2024-03-21 12:54:30,486 [WARN] PackLoader:240 - Cannot read IP mode file for STMicroelectronics.X-CUBE-AZRTOS-G4.2.0.0
2024-03-21 12:54:30,514 [WARN] PackLoader:240 - Cannot read IP mode file for Infineon.AIROC-Wi-Fi-Bluetooth-STM32.1.5.1
2024-03-21 12:54:30,533 [WARN] PackLoader:240 - Cannot read IP mode file for STMicroelectronics.FP-SNS-MOTENVWB1.1.3.1
2024-03-21 12:54:30,547 [WARN] PackLoader:240 - Cannot read IP mode file for STMicroelectronics.X-CUBE-ISPU.2.0.0
2024-03-21 12:54:30,609 [WARN] PackLoader:240 - Cannot read IP mode file for STMicroelectronics.X-CUBE-MEMS1.10.0.0
2024-03-21 12:54:30,766 [WARN] PackLoader:240 - Cannot read IP mode file for STMicroelectronics.X-CUBE-FREERTOS.1.1.0
2024-03-21 12:54:30,781 [WARN] PackLoader:240 - Cannot read IP mode file for portGmbH.I-Cube-SoM-uGOAL.1.1.0
2024-03-21 12:54:30,795 [WARN] PackLoader:240 - Cannot read IP mode file for STMicroelectronics.X-CUBE-ALS.1.0.1
2024-03-21 12:54:30,805 [WARN] PackLoader:240 - Cannot read IP mode file for STMicroelectronics.FP-ATR-ASTRA1.2.0.0
2024-03-21 12:54:30,828 [WARN] PackLoader:240 - Cannot read IP mode file for STMicroelectronics.X-CUBE-TOF1.3.4.0
2024-03-21 12:54:30,860 [WARN] PackLoader:240 - Cannot read IP mode file for STMicroelectronics.X-CUBE-TOF1.3.4.1
2024-03-21 12:54:30,909 [WARN] PackLoader:240 - Cannot read IP mode file for STMicroelectronics.X-CUBE-AZRTOS-H7.3.2.0
2024-03-21 12:54:30,913 [INFO] ThirdParty:978 - Integrity check success = true
2024-03-21 12:54:30,914 [INFO] IntegrityCheckThread:100 - exiting critical section [integrity check]
2024-03-21 12:54:30,914 [INFO] IntegrityCheckThread:103 - End integrity checks thread
2024-03-21 12:54:35,141 [INFO] WebApp:161 - Instantiating new browser for Auth
2024-03-21 12:54:35,987 [INFO] WebApp:779 - Register for checkConnection events
2024-03-21 12:54:35,987 [INFO] WebApp:414 - Apply proxy settings
2024-03-21 12:54:35,987 [INFO] WebApp:499 - Chromium requires no authentication
2024-03-21 12:54:36,001 [INFO] WebApp:442 - Direct internet connection detected
2024-03-21 12:54:36,204 [INFO] WebApp:192 - Starting web application
2024-03-21 12:54:36,205 [INFO] WebApp:544 - Web application path used C:\ST\STM32CubeIDE_1.14.0\STM32CubeIDE\plugins\com.st.stm32cube.common.mx_6.11.0.202403141607\db\plugins\mcufinder\reactClient1\index.html
2024-03-21 17:07:37,336 [ERROR] LogOutputStream:75 - [STDERR_REDIRECT] 
2024-03-21 22:21:49,394 [INFO] Activator:176 - 


2024-03-21 22:21:49,396 [INFO] Activator:177 - !SESSION log4j initialized
2024-03-21 22:21:53,212 [INFO] LogOutputStream:77 - [STDOUT_REDIRECT] 
2024-03-21 22:21:54,610 [INFO] ApplicationProperties:184 - Using Application install path: C:\ST\STM32CubeIDE_1.14.0\STM32CubeIDE\plugins\com.st.stm32cube.common.mx_6.11.0.202403141607
2024-03-21 22:21:54,627 [INFO] DbMcusXml:78 - Set database path to: C:\ST\STM32CubeIDE_1.14.0\STM32CubeIDE\plugins\com.st.stm32cube.common.mx_6.11.0.202403141607\\db\/mcu/
2024-03-21 22:21:54,628 [INFO] ApiDb:274 - Set plugin database path to: C:\ST\STM32CubeIDE_1.14.0\STM32CubeIDE\plugins\com.st.stm32cube.common.mx_6.11.0.202403141607\\db\/plugins/boardmanager/
2024-03-21 22:21:54,628 [WARN] ApiDb:259 - Overriding images path with different value:  => C:\ST\STM32CubeIDE_1.14.0\STM32CubeIDE\plugins\com.st.stm32cube.common.mx_6.11.0.202403141607\\db\/plugins/mcufinder/images/
2024-03-21 22:21:54,633 [INFO] ApiDb:250 - Set database path to: C:\Users\phamt\.stmcufinder\plugins\mcufinder//mcu/
2024-03-21 22:21:54,633 [INFO] DbMcusAds:125 - Set database path to: C:\Users\phamt\.stmcufinder\plugins\mcufinder//mcu/
2024-03-21 22:21:54,636 [INFO] CrossReferenceDbSqlite:203 - Set database path to: C:\Users\phamt\.stmcufinder\plugins\mcufinder//mcu/cs/
2024-03-21 22:21:54,735 [INFO] RulesReader:64 - Compatibility file has been processed (297 Rules)
2024-03-21 22:21:54,800 [INFO] DbMcusXml:78 - Set database path to: C:\ST\STM32CubeIDE_1.14.0\STM32CubeIDE\plugins\com.st.stm32cube.common.mx_6.11.0.202403141607\\db\/mcu/
2024-03-21 22:21:54,800 [INFO] ApiDb:274 - Set plugin database path to: C:\ST\STM32CubeIDE_1.14.0\STM32CubeIDE\plugins\com.st.stm32cube.common.mx_6.11.0.202403141607\\db\/plugins/boardmanager/
2024-03-21 22:21:54,801 [INFO] ApiDb:261 - Set plugin images path to: C:\ST\STM32CubeIDE_1.14.0\STM32CubeIDE\plugins\com.st.stm32cube.common.mx_6.11.0.202403141607\\db\/plugins/mcufinder/images/
2024-03-21 22:21:54,801 [WARN] DbFile:41 - Overriding database path with different value: C:\Users\phamt\.stmcufinder\plugins\mcufinder/ => C:\Users\phamt\.stmcufinder\plugins\mcufinder
2024-03-21 22:21:54,801 [INFO] ApiDb:250 - Set database path to: C:\Users\phamt\.stmcufinder\plugins\mcufinder//mcu/
2024-03-21 22:21:54,801 [WARN] DbFile:41 - Overriding database path with different value: C:\Users\phamt\.stmcufinder\plugins\mcufinder/ => C:\Users\phamt\.stmcufinder\plugins\mcufinder
2024-03-21 22:21:54,801 [INFO] DbMcusAds:125 - Set database path to: C:\Users\phamt\.stmcufinder\plugins\mcufinder//mcu/
2024-03-21 22:21:54,801 [WARN] DbFile:41 - Overriding database path with different value: C:\Users\phamt\.stmcufinder\plugins\mcufinder/ => C:\Users\phamt\.stmcufinder\plugins\mcufinder
2024-03-21 22:21:54,801 [WARN] DbFile:41 - Overriding database path with different value: C:\Users\phamt\.stmcufinder\plugins\mcufinder/ => C:\Users\phamt\.stmcufinder\plugins\mcufinder
2024-03-21 22:21:54,802 [INFO] CrossReferenceDbSqlite:203 - Set database path to: C:\Users\phamt\.stmcufinder\plugins\mcufinder//mcu/cs/
2024-03-21 22:21:54,869 [INFO] MainPanel:264 - HeapMemory: 268435456
2024-03-21 22:21:54,944 [INFO] DbMcusXml:78 - Set database path to: C:\ST\STM32CubeIDE_1.14.0\STM32CubeIDE\plugins\com.st.stm32cube.common.mx_6.11.0.202403141607\\db\/mcu/
2024-03-21 22:21:54,944 [INFO] ApiDb:274 - Set plugin database path to: C:\ST\STM32CubeIDE_1.14.0\STM32CubeIDE\plugins\com.st.stm32cube.common.mx_6.11.0.202403141607\\db\/plugins/boardmanager/
2024-03-21 22:21:54,944 [INFO] ApiDb:261 - Set plugin images path to: C:\ST\STM32CubeIDE_1.14.0\STM32CubeIDE\plugins\com.st.stm32cube.common.mx_6.11.0.202403141607\\db\/plugins/mcufinder/images/
2024-03-21 22:21:54,945 [WARN] DbFile:41 - Overriding database path with different value: C:\Users\phamt\.stmcufinder\plugins\mcufinder/ => C:\Users\phamt\.stmcufinder\plugins\mcufinder
2024-03-21 22:21:54,945 [INFO] ApiDb:250 - Set database path to: C:\Users\phamt\.stmcufinder\plugins\mcufinder//mcu/
2024-03-21 22:21:54,945 [WARN] DbFile:41 - Overriding database path with different value: C:\Users\phamt\.stmcufinder\plugins\mcufinder/ => C:\Users\phamt\.stmcufinder\plugins\mcufinder
2024-03-21 22:21:54,945 [INFO] DbMcusAds:125 - Set database path to: C:\Users\phamt\.stmcufinder\plugins\mcufinder//mcu/
2024-03-21 22:21:54,945 [WARN] DbFile:41 - Overriding database path with different value: C:\Users\phamt\.stmcufinder\plugins\mcufinder/ => C:\Users\phamt\.stmcufinder\plugins\mcufinder
2024-03-21 22:21:54,945 [WARN] DbFile:41 - Overriding database path with different value: C:\Users\phamt\.stmcufinder\plugins\mcufinder/ => C:\Users\phamt\.stmcufinder\plugins\mcufinder
2024-03-21 22:21:54,945 [INFO] CrossReferenceDbSqlite:203 - Set database path to: C:\Users\phamt\.stmcufinder\plugins\mcufinder//mcu/cs/
2024-03-21 22:21:54,966 [INFO] ApplicationProperties:184 - Using Application install path: C:\ST\STM32CubeIDE_1.14.0\STM32CubeIDE\plugins\com.st.stm32cube.common.mx_6.11.0.202403141607
2024-03-21 22:21:54,967 [INFO] PluginManage:196 - Search for loadable plugins [exclusion list=, ]
2024-03-21 22:21:54,969 [INFO] PluginManage:310 - Check plugin analytics
2024-03-21 22:21:55,099 [INFO] AnalyticsPlugin:253 - Accepted Software Licenses: STM32CubeMX.6.9.0
2024-03-21 22:21:55,099 [INFO] AnalyticsPlugin:255 - Accepted CMSIS Pack Licenses: 
2024-03-21 22:21:55,099 [INFO] AnalyticsPlugin:257 - Accepted Firmware Licenses: FW.F4.1.27.0
2024-03-21 22:21:55,101 [INFO] PluginManage:359 - Loaded plugin analytics (category:tool,tabindex:-1)
2024-03-21 22:21:55,102 [INFO] PluginManage:310 - Check plugin cadmodel
2024-03-21 22:21:55,104 [INFO] CADModel:105 - Init CAD model plugin
2024-03-21 22:21:55,104 [INFO] PluginManage:359 - Loaded plugin cadmodel (category:power,tabindex:5)
2024-03-21 22:21:55,104 [INFO] PluginManage:310 - Check plugin clock
2024-03-21 22:21:55,111 [INFO] PluginManage:359 - Loaded plugin clock (category:base,tabindex:2)
2024-03-21 22:21:55,111 [INFO] PluginManage:310 - Check plugin ddr
2024-03-21 22:21:55,113 [INFO] PluginManage:359 - Loaded plugin ddr (category:tool,tabindex:6)
2024-03-21 22:21:55,113 [INFO] PluginManage:310 - Check plugin filemanager
2024-03-21 22:21:55,216 [INFO] PluginManage:359 - Loaded plugin filemanager (category:base,tabindex:10)
2024-03-21 22:21:55,216 [INFO] PluginManage:310 - Check plugin ipmanager
2024-03-21 22:21:55,222 [INFO] PluginManage:359 - Loaded plugin ipmanager (category:base,tabindex:5)
2024-03-21 22:21:55,222 [INFO] PluginManage:310 - Check plugin lpbam
2024-03-21 22:21:55,227 [INFO] PluginManage:359 - Loaded plugin lpbam (category:base,tabindex:0)
2024-03-21 22:21:55,227 [INFO] PluginManage:310 - Check plugin memorymap
2024-03-21 22:21:55,238 [INFO] PluginManage:359 - Loaded plugin memorymap (category:base,tabindex:4)
2024-03-21 22:21:55,238 [INFO] PluginManage:310 - Check plugin pinoutandconfiguration
2024-03-21 22:21:55,242 [INFO] PluginManage:359 - Loaded plugin pinoutandconfiguration (category:base,tabindex:1)
2024-03-21 22:21:55,242 [INFO] PluginManage:310 - Check plugin pinoutconfig
2024-03-21 22:21:55,321 [WARN] SupportedApi:132 - Cannot load RTOS API schema: s4s-elt-must-match.1: The content of 'definitions' must match (annotation?, (simpleType | complexType)?, (unique | key | keyref)*)). A problem was found starting at: attribute.
2024-03-21 22:21:55,433 [INFO] PluginManage:359 - Loaded plugin pinoutconfig (category:base,tabindex:0)
2024-03-21 22:21:55,433 [INFO] PluginManage:310 - Check plugin power
2024-03-21 22:21:55,439 [INFO] PluginManage:359 - Loaded plugin power (category:power,tabindex:4)
2024-03-21 22:21:55,439 [INFO] PluginManage:310 - Check plugin projectmanager
2024-03-21 22:21:55,453 [INFO] PluginManage:359 - Loaded plugin projectmanager (category:projectmanager,tabindex:3)
2024-03-21 22:21:55,453 [INFO] PluginManage:310 - Check plugin thirdparty
2024-03-21 22:21:55,545 [INFO] PluginManage:359 - Loaded plugin thirdparty (category:base,tabindex:-1)
2024-03-21 22:21:55,545 [INFO] PluginManage:310 - Check plugin tools
2024-03-21 22:21:55,545 [WARN] IntegrityCheckThread:84 - waiting for thirdparty lock release [integrity check]
2024-03-21 22:21:55,545 [INFO] IntegrityCheckThread:86 - entering critical section [integrity check]
2024-03-21 22:21:55,547 [INFO] ThirdPartyUpdaterWithRetryManager:70 - Updater plugin not ready yet. [1/15]
2024-03-21 22:21:55,548 [INFO] PluginManage:359 - Loaded plugin tools (category:base,tabindex:7)
2024-03-21 22:21:55,548 [INFO] PluginManage:310 - Check plugin tutovideos
2024-03-21 22:21:55,677 [INFO] PluginManage:359 - Loaded plugin tutovideos (category:base,tabindex:-1)
2024-03-21 22:21:55,677 [INFO] PluginManage:310 - Check plugin updater
2024-03-21 22:21:55,688 [INFO] PluginManage:359 - Loaded plugin updater (category:base,tabindex:12)
2024-03-21 22:21:55,688 [INFO] PluginManage:310 - Check plugin userauth
2024-03-21 22:21:55,695 [INFO] UserAuth:114 - Init User Auth plugin
2024-03-21 22:21:55,695 [INFO] PluginManage:359 - Loaded plugin userauth (category:base,tabindex:14)
2024-03-21 22:21:55,695 [INFO] PluginManage:283 - PluginManage : Loaded plugins [17]
2024-03-21 22:21:55,893 [INFO] PinOutPanel:1561 - setPackage(No Configuration,No Configuration)
2024-03-21 22:21:55,960 [INFO] CADModel:165 - CPN selected for project level
2024-03-21 22:21:55,960 [INFO] CADModel:114 - Register for checkConnection events
2024-03-21 22:21:55,975 [INFO] IPUIPlugin:80 - create IPUIPlugin
2024-03-21 22:21:55,975 [INFO] PluginManager:220 - loadIPPluginJar : add adc
2024-03-21 22:21:55,976 [INFO] IPUIPlugin:80 - create IPUIPlugin
2024-03-21 22:21:55,976 [INFO] PluginManager:220 - loadIPPluginJar : add aes
2024-03-21 22:21:55,978 [INFO] IPUIPlugin:80 - create IPUIPlugin
2024-03-21 22:21:55,978 [INFO] PluginManager:220 - loadIPPluginJar : add can
2024-03-21 22:21:55,979 [INFO] IPUIPlugin:80 - create IPUIPlugin
2024-03-21 22:21:55,979 [INFO] PluginManager:220 - loadIPPluginJar : add comp
2024-03-21 22:21:55,982 [INFO] IPUIPlugin:80 - create IPUIPlugin
2024-03-21 22:21:55,982 [INFO] PluginManager:220 - loadIPPluginJar : add cryp
2024-03-21 22:21:55,983 [INFO] IPUIPlugin:80 - create IPUIPlugin
2024-03-21 22:21:55,983 [INFO] PluginManager:220 - loadIPPluginJar : add dfsdm
2024-03-21 22:21:55,988 [INFO] IPUIPlugin:80 - create IPUIPlugin
2024-03-21 22:21:55,988 [INFO] PluginManager:220 - loadIPPluginJar : add dma
2024-03-21 22:21:55,990 [INFO] IPUIPlugin:80 - create IPUIPlugin
2024-03-21 22:21:55,990 [INFO] PluginManager:220 - loadIPPluginJar : add dma3
2024-03-21 22:21:55,992 [INFO] IPUIPlugin:80 - create IPUIPlugin
2024-03-21 22:21:55,992 [INFO] PluginManager:220 - loadIPPluginJar : add extmemmanager
2024-03-21 22:21:55,992 [INFO] IPUIPlugin:80 - create IPUIPlugin
2024-03-21 22:21:55,992 [INFO] PluginManager:220 - loadIPPluginJar : add fatfs
2024-03-21 22:21:55,995 [INFO] IPUIPlugin:80 - create IPUIPlugin
2024-03-21 22:21:55,995 [INFO] PluginManager:220 - loadIPPluginJar : add fmc
2024-03-21 22:21:56,000 [INFO] IPUIPlugin:80 - create IPUIPlugin
2024-03-21 22:21:56,000 [INFO] PluginManager:220 - loadIPPluginJar : add freertos
2024-03-21 22:21:56,001 [INFO] IPUIPlugin:80 - create IPUIPlugin
2024-03-21 22:21:56,002 [INFO] PluginManager:220 - loadIPPluginJar : add genericplugin
2024-03-21 22:21:56,003 [INFO] IPUIPlugin:80 - create IPUIPlugin
2024-03-21 22:21:56,003 [INFO] PluginManager:220 - loadIPPluginJar : add gfxmmu
2024-03-21 22:21:56,006 [INFO] IPUIPlugin:80 - create IPUIPlugin
2024-03-21 22:21:56,006 [INFO] PluginManager:220 - loadIPPluginJar : add gic
2024-03-21 22:21:56,009 [INFO] IPUIPlugin:80 - create IPUIPlugin
2024-03-21 22:21:56,009 [INFO] PluginManager:220 - loadIPPluginJar : add gpio
2024-03-21 22:21:56,011 [INFO] IPUIPlugin:80 - create IPUIPlugin
2024-03-21 22:21:56,011 [INFO] PluginManager:220 - loadIPPluginJar : add gtzc
2024-03-21 22:21:56,013 [INFO] IPUIPlugin:80 - create IPUIPlugin
2024-03-21 22:21:56,013 [INFO] PluginManager:220 - loadIPPluginJar : add hash
2024-03-21 22:21:56,016 [INFO] IPUIPlugin:80 - create IPUIPlugin
2024-03-21 22:21:56,016 [INFO] PluginManager:220 - loadIPPluginJar : add i2c
2024-03-21 22:21:56,017 [INFO] IPUIPlugin:80 - create IPUIPlugin
2024-03-21 22:21:56,017 [INFO] PluginManager:220 - loadIPPluginJar : add i2s
2024-03-21 22:21:56,019 [INFO] IPUIPlugin:80 - create IPUIPlugin
2024-03-21 22:21:56,019 [INFO] PluginManager:220 - loadIPPluginJar : add i3c
2024-03-21 22:21:56,021 [INFO] IPUIPlugin:80 - create IPUIPlugin
2024-03-21 22:21:56,021 [INFO] PluginManager:220 - loadIPPluginJar : add ipddr
2024-03-21 22:21:56,027 [INFO] IPUIPlugin:80 - create IPUIPlugin
2024-03-21 22:21:56,027 [INFO] PluginManager:220 - loadIPPluginJar : add linkedlist
2024-03-21 22:21:56,029 [INFO] IPUIPlugin:80 - create IPUIPlugin
2024-03-21 22:21:56,029 [INFO] PluginManager:220 - loadIPPluginJar : add lorawan
2024-03-21 22:21:56,030 [INFO] IPUIPlugin:80 - create IPUIPlugin
2024-03-21 22:21:56,030 [INFO] PluginManager:220 - loadIPPluginJar : add ltdc
2024-03-21 22:21:56,036 [INFO] IPUIPlugin:80 - create IPUIPlugin
2024-03-21 22:21:56,036 [INFO] PluginManager:220 - loadIPPluginJar : add mdma
2024-03-21 22:21:56,038 [INFO] IPUIPlugin:80 - create IPUIPlugin
2024-03-21 22:21:56,038 [INFO] PluginManager:220 - loadIPPluginJar : add nvic
2024-03-21 22:21:56,040 [INFO] IPUIPlugin:80 - create IPUIPlugin
2024-03-21 22:21:56,040 [INFO] PluginManager:220 - loadIPPluginJar : add opamp
2024-03-21 22:21:56,042 [INFO] IPUIPlugin:80 - create IPUIPlugin
2024-03-21 22:21:56,042 [INFO] PluginManager:220 - loadIPPluginJar : add openamp
2024-03-21 22:21:56,043 [INFO] IPUIPlugin:80 - create IPUIPlugin
2024-03-21 22:21:56,043 [INFO] PluginManager:220 - loadIPPluginJar : add pdm2pcm
2024-03-21 22:21:56,050 [INFO] IPUIPlugin:80 - create IPUIPlugin
2024-03-21 22:21:56,051 [INFO] PluginManager:220 - loadIPPluginJar : add plateformsettings
2024-03-21 22:21:56,053 [INFO] IPUIPlugin:80 - create IPUIPlugin
2024-03-21 22:21:56,053 [INFO] PluginManager:220 - loadIPPluginJar : add quadspi
2024-03-21 22:21:56,054 [INFO] IPUIPlugin:80 - create IPUIPlugin
2024-03-21 22:21:56,054 [INFO] PluginManager:220 - loadIPPluginJar : add resmgrutility
2024-03-21 22:21:56,056 [INFO] IPUIPlugin:80 - create IPUIPlugin
2024-03-21 22:21:56,056 [INFO] PluginManager:220 - loadIPPluginJar : add sai
2024-03-21 22:21:56,057 [INFO] IPUIPlugin:80 - create IPUIPlugin
2024-03-21 22:21:56,057 [INFO] PluginManager:220 - loadIPPluginJar : add spi
2024-03-21 22:21:56,060 [INFO] IPUIPlugin:80 - create IPUIPlugin
2024-03-21 22:21:56,060 [INFO] PluginManager:220 - loadIPPluginJar : add stm32_wpan
2024-03-21 22:21:56,061 [INFO] IPUIPlugin:80 - create IPUIPlugin
2024-03-21 22:21:56,061 [INFO] PluginManager:220 - loadIPPluginJar : add tim
2024-03-21 22:21:56,065 [INFO] IPUIPlugin:80 - create IPUIPlugin
2024-03-21 22:21:56,065 [INFO] PluginManager:220 - loadIPPluginJar : add touchsensing
2024-03-21 22:21:56,066 [INFO] IPUIPlugin:80 - create IPUIPlugin
2024-03-21 22:21:56,067 [INFO] PluginManager:220 - loadIPPluginJar : add tracer_emb
2024-03-21 22:21:56,068 [INFO] IPUIPlugin:80 - create IPUIPlugin
2024-03-21 22:21:56,068 [INFO] PluginManager:220 - loadIPPluginJar : add ts
2024-03-21 22:21:56,068 [INFO] IPUIPlugin:80 - create IPUIPlugin
2024-03-21 22:21:56,068 [INFO] PluginManager:220 - loadIPPluginJar : add tsc
2024-03-21 22:21:56,070 [INFO] IPUIPlugin:80 - create IPUIPlugin
2024-03-21 22:21:56,070 [INFO] PluginManager:220 - loadIPPluginJar : add ucpd
2024-03-21 22:21:56,072 [INFO] IPUIPlugin:80 - create IPUIPlugin
2024-03-21 22:21:56,072 [INFO] PluginManager:220 - loadIPPluginJar : add usart
2024-03-21 22:21:56,074 [INFO] IPUIPlugin:80 - create IPUIPlugin
2024-03-21 22:21:56,074 [INFO] PluginManager:220 - loadIPPluginJar : add usbx
2024-03-21 22:21:56,191 [INFO] CADModel:165 - CPN selected for project level
2024-03-21 22:21:56,191 [INFO] CADModel:114 - Register for checkConnection events
2024-03-21 22:21:56,191 [FATAL] Updater:308 - Updater called before beeing initialized
2024-03-21 22:21:56,192 [ERROR] CADModel:125 - Updater not yet initialized, retry later 
2024-03-21 22:21:56,339 [INFO] CADModel:165 - CPN selected for project level
2024-03-21 22:21:56,339 [INFO] CADModel:114 - Register for checkConnection events
2024-03-21 22:21:56,339 [FATAL] Updater:308 - Updater called before beeing initialized
2024-03-21 22:21:56,339 [ERROR] CADModel:125 - Updater not yet initialized, retry later 
2024-03-21 22:21:56,342 [FATAL] Updater:308 - Updater called before beeing initialized
2024-03-21 22:21:56,452 [FATAL] Updater:308 - Updater called before beeing initialized
2024-03-21 22:21:56,455 [INFO] DbMcusAds:53 - JSON generation date=Wed Nov 29 17:52:27 ICT 2023 (1701255147349)
2024-03-21 22:21:56,455 [FATAL] Updater:308 - Updater called before beeing initialized
2024-03-21 22:21:56,485 [WARN] DetailPanel:346 - Failed to get advertising image, set to default
2024-03-21 22:21:56,653 [FATAL] Updater:308 - Updater called before beeing initialized
2024-03-21 22:21:56,653 [FATAL] Updater:308 - Updater called before beeing initialized
2024-03-21 22:21:56,653 [FATAL] Updater:308 - Updater called before beeing initialized
2024-03-21 22:21:56,653 [WARN] DetailPanel:346 - Failed to get advertising image, set to default
2024-03-21 22:21:56,653 [FATAL] Updater:308 - Updater called before beeing initialized
2024-03-21 22:21:56,716 [ERROR] Updater:1120 - MainUpdater not yet initialized. External WinMGr cannot be set.
2024-03-21 22:21:56,716 [INFO] Updater:1056 - Updater Version found : 6.11.0
2024-03-21 22:21:56,748 [INFO] ApplicationProperties:184 - Using Application install path: C:\ST\STM32CubeIDE_1.14.0\STM32CubeIDE\plugins\com.st.stm32cube.common.mx_6.11.0.202403141607
2024-03-21 22:21:57,167 [INFO] MainUpdater:2873 - connection check result : 10
2024-03-21 22:21:57,167 [INFO] MainUpdater:290 - Updater Check For Update Now.
2024-03-21 22:21:57,167 [INFO] MicroXplorer:498 - Change Database Version : DB.6.0.110
2024-03-21 22:21:57,183 [INFO] McuFinderGlobals:63 - Set McuFinder mode to 2 (CubeIDE integrated)
2024-03-21 22:21:57,187 [INFO] UserAuth:415 - Internet connection configuration mode: 1
2024-03-21 22:21:57,204 [INFO] JxBrowserEngine:152 - Initiate JxBrowser Engine with user profile folder
2024-03-21 22:21:57,399 [INFO] CheckServerUpdateThread:120 - End of CheckServer Thread
2024-03-21 22:21:57,800 [INFO] WebApp:161 - Instantiating new browser for Auth
2024-03-21 22:21:58,461 [INFO] WebApp:779 - Register for checkConnection events
2024-03-21 22:21:58,461 [INFO] WebApp:414 - Apply proxy settings
2024-03-21 22:21:58,462 [INFO] WebApp:499 - Chromium requires no authentication
2024-03-21 22:21:58,470 [INFO] WebApp:442 - Direct internet connection detected
2024-03-21 22:21:58,723 [INFO] WebApp:192 - Starting web application
2024-03-21 22:21:58,723 [INFO] WebApp:544 - Web application path used C:\ST\STM32CubeIDE_1.14.0\STM32CubeIDE\plugins\com.st.stm32cube.common.mx_6.11.0.202403141607\db\plugins\mcufinder\reactClient1\index.html
2024-03-21 22:21:58,754 [WARN] PackLoader:240 - Cannot read IP mode file for STMicroelectronics.X-CUBE-SMBUS.2.1.0
2024-03-21 22:21:58,764 [WARN] PackLoader:240 - Cannot read IP mode file for STMicroelectronics.X-CUBE-TOUCHGFX.4.23.0
2024-03-21 22:21:58,816 [WARN] PackLoader:240 - Cannot read IP mode file for STMicroelectronics.X-CUBE-AZRTOS-F7.1.1.0
2024-03-21 22:21:58,831 [WARN] PackLoader:240 - Cannot read IP mode file for STMicroelectronics.FP-SNS-MOTENV1.4.3.2
2024-03-21 22:21:58,841 [WARN] PackLoader:240 - Cannot read IP mode file for STMicroelectronics.FP-SNS-FLIGHT1.5.0.2
2024-03-21 22:21:58,860 [WARN] PackLoader:240 - Cannot read IP mode file for STMicroelectronics.X-CUBE-DISPLAY.3.0.0
2024-03-21 22:21:58,902 [WARN] PackLoader:240 - Cannot read IP mode file for STMicroelectronics.X-CUBE-BLE1.7.0.0
2024-03-21 22:21:58,942 [WARN] PackLoader:240 - Cannot read IP mode file for emotas.I-CUBE-CANOPEN.1.3.0
2024-03-21 22:21:58,948 [WARN] PackLoader:240 - Cannot read IP mode file for STMicroelectronics.X-CUBE-BLEMGR.3.1.0
2024-03-21 22:21:58,964 [WARN] PackLoader:240 - Cannot read IP mode file for STMicroelectronics.FP-SNS-SMARTAG2.1.2.0
2024-03-21 22:21:58,965 [INFO] LogOutputStream:77 - [STDOUT_REDIRECT] 1 : Invalid condition id : UX_CORESTACK_Condition cause : null
2024-03-21 22:21:58,965 [INFO] LogOutputStream:77 - [STDOUT_REDIRECT] 1 : Invalid condition id : UX_CORESTACK_Condition cause : null
2024-03-21 22:21:58,965 [INFO] LogOutputStream:77 - [STDOUT_REDIRECT] 1 : Invalid condition id : UX_CORESTACK_Condition cause : null
2024-03-21 22:21:58,965 [INFO] LogOutputStream:77 - [STDOUT_REDIRECT] 1 : Invalid condition id : UX_CORESTACK_Condition cause : null
2024-03-21 22:21:58,979 [INFO] LogOutputStream:77 - [STDOUT_REDIRECT] 1 : Invalid condition id : UX_CORESTACK_Condition cause : null
2024-03-21 22:21:58,982 [WARN] PackLoader:240 - Cannot read IP mode file for STMicroelectronics.X-CUBE-AZRTOS-WL.2.0.0
2024-03-21 22:21:58,991 [WARN] PackLoader:240 - Cannot read IP mode file for WES.I-CUBE-Cesium.1.3.0
2024-03-21 22:21:58,999 [WARN] PackLoader:240 - Cannot read IP mode file for STMicroelectronics.X-CUBE-BLE2.3.3.0
2024-03-21 22:21:58,999 [WARN] PackLoader:240 - Cannot read IP mode file for STMicroelectronics.X-CUBE-ALGOBUILD.1.3.0
2024-03-21 22:21:59,013 [WARN] PackLoader:240 - Cannot read IP mode file for STMicroelectronics.X-CUBE-AZRTOS-G0.1.1.0
2024-03-21 22:21:59,030 [WARN] PackLoader:240 - Cannot read IP mode file for STMicroelectronics.X-CUBE-NFC4.3.0.0
2024-03-21 22:21:59,030 [WARN] PackLoader:240 - Cannot read IP mode file for STMicroelectronics.FP-ATR-SIGFOX1.3.2.0
2024-03-21 22:21:59,047 [WARN] PackLoader:240 - Cannot read IP mode file for STMicroelectronics.X-CUBE-EEPRMA1.5.1.0
2024-03-21 22:21:59,080 [WARN] PackLoader:240 - Cannot read IP mode file for SEGGER.I-CUBE-embOS.1.3.1
2024-03-21 22:21:59,131 [WARN] PackLoader:240 - Cannot read IP mode file for STMicroelectronics.X-CUBE-GNSS1.6.0.0
2024-03-21 22:21:59,168 [WARN] PackLoader:240 - Cannot read IP mode file for STMicroelectronics.X-CUBE-AZRTOS-F4.1.1.0
2024-03-21 22:21:59,181 [WARN] PackLoader:240 - Cannot read IP mode file for wolfSSL.I-CUBE-wolfSSL.5.6.6
2024-03-21 22:21:59,197 [WARN] PackLoader:240 - Cannot read IP mode file for STMicroelectronics.X-CUBE-AZRTOS-L5.2.0.0
2024-03-21 22:21:59,213 [WARN] PackLoader:240 - Cannot read IP mode file for STMicroelectronics.X-CUBE-NFC6.3.1.0
2024-03-21 22:21:59,213 [WARN] PackLoader:240 - Cannot read IP mode file for ITTIA_DB.I-CUBE-ITTIADB.8.8.0
2024-03-21 22:21:59,229 [WARN] PackLoader:240 - Cannot read IP mode file for STMicroelectronics.X-CUBE-NFC7.1.0.1
2024-03-21 22:21:59,229 [WARN] PackLoader:240 - Cannot read IP mode file for STMicroelectronics.X-CUBE-NFC6.3.0.0
2024-03-21 22:21:59,229 [WARN] PackLoader:240 - Cannot read IP mode file for STMicroelectronics.X-CUBE-AI.8.1.0
2024-03-21 22:21:59,246 [WARN] ConditionMgr:438 - getConditionDescription Invalid condition id : LAN8742 Phy interface Condition cause : null
2024-03-21 22:21:59,246 [WARN] PackLoader:240 - Cannot read IP mode file for STMicroelectronics.X-CUBE-AZRTOS-L4.2.0.0
2024-03-21 22:21:59,263 [WARN] ConditionMgr:1039 - genDependencies : Invalid condition id : LAN8742 Phy interface Condition cause : null
2024-03-21 22:21:59,263 [WARN] ConditionMgr:1039 - genDependencies : Invalid condition id : LAN8742 Phy interface Condition cause : null
2024-03-21 22:21:59,263 [WARN] ConditionMgr:1039 - genDependencies : Invalid condition id : LAN8742 Phy interface Condition cause : null
2024-03-21 22:21:59,263 [WARN] PackLoader:240 - Cannot read IP mode file for STMicroelectronics.X-CUBE-SFXS2LP1.4.0.0
2024-03-21 22:21:59,280 [WARN] ConditionMgr:438 - getConditionDescription Invalid condition id : UX DEVICE CLASS RTOS Condition cause : null
2024-03-21 22:21:59,280 [WARN] ConditionMgr:438 - getConditionDescription Invalid condition id : UX DEVICE CLASS RTOS Condition cause : null
2024-03-21 22:21:59,297 [WARN] PackLoader:240 - Cannot read IP mode file for STMicroelectronics.X-CUBE-AZRTOS-WB.2.0.0
2024-03-21 22:21:59,298 [WARN] ConditionMgr:1039 - genDependencies : Invalid condition id : UX DEVICE CLASS RTOS Condition cause : null
2024-03-21 22:21:59,298 [WARN] ConditionMgr:1039 - genDependencies : Invalid condition id : UX DEVICE CLASS RTOS Condition cause : null
2024-03-21 22:21:59,298 [WARN] ConditionMgr:1039 - genDependencies : Invalid condition id : UX DEVICE CLASS RTOS Condition cause : null
2024-03-21 22:21:59,298 [WARN] ConditionMgr:1039 - genDependencies : Invalid condition id : UX DEVICE CLASS RTOS Condition cause : null
2024-03-21 22:21:59,298 [WARN] ConditionMgr:1039 - genDependencies : Invalid condition id : UX DEVICE CLASS RTOS Condition cause : null
2024-03-21 22:21:59,298 [WARN] PackLoader:240 - Cannot read IP mode file for STMicroelectronics.X-CUBE-SUBG2.5.0.0
2024-03-21 22:21:59,346 [WARN] PackLoader:240 - Cannot read IP mode file for STMicroelectronics.X-CUBE-AZRTOS-G4.2.0.0
2024-03-21 22:21:59,364 [WARN] PackLoader:240 - Cannot read IP mode file for Infineon.AIROC-Wi-Fi-Bluetooth-STM32.1.5.1
2024-03-21 22:21:59,380 [WARN] PackLoader:240 - Cannot read IP mode file for STMicroelectronics.FP-SNS-MOTENVWB1.1.3.1
2024-03-21 22:21:59,380 [WARN] PackLoader:240 - Cannot read IP mode file for STMicroelectronics.X-CUBE-ISPU.2.0.0
2024-03-21 22:21:59,431 [WARN] PackLoader:240 - Cannot read IP mode file for STMicroelectronics.X-CUBE-MEMS1.10.0.0
2024-03-21 22:21:59,634 [WARN] PackLoader:240 - Cannot read IP mode file for STMicroelectronics.X-CUBE-FREERTOS.1.1.0
2024-03-21 22:21:59,649 [WARN] PackLoader:240 - Cannot read IP mode file for portGmbH.I-Cube-SoM-uGOAL.1.1.0
2024-03-21 22:21:59,651 [WARN] PackLoader:240 - Cannot read IP mode file for STMicroelectronics.X-CUBE-ALS.1.0.1
2024-03-21 22:21:59,651 [WARN] PackLoader:240 - Cannot read IP mode file for STMicroelectronics.FP-ATR-ASTRA1.2.0.0
2024-03-21 22:21:59,667 [WARN] PackLoader:240 - Cannot read IP mode file for STMicroelectronics.X-CUBE-TOF1.3.4.0
2024-03-21 22:21:59,698 [WARN] PackLoader:240 - Cannot read IP mode file for STMicroelectronics.X-CUBE-TOF1.3.4.1
2024-03-21 22:21:59,731 [WARN] PackLoader:240 - Cannot read IP mode file for STMicroelectronics.X-CUBE-AZRTOS-H7.3.2.0
2024-03-21 22:21:59,734 [INFO] ThirdParty:978 - Integrity check success = true
2024-03-21 22:21:59,734 [INFO] IntegrityCheckThread:100 - exiting critical section [integrity check]
2024-03-21 22:21:59,734 [INFO] IntegrityCheckThread:103 - End integrity checks thread
2024-03-21 23:48:48,213 [ERROR] LogOutputStream:75 - [STDERR_REDIRECT] 
